        -:    0:Source:/home/vika/Рабочий стол/sem2/aois/lab2/include/forms.h
        -:    1:#include <string>
        -:    2:#include <vector>
        -:    3:#include <map>
        -:    4:#include <set>
        -:    5:
        -:    6:struct PostClasses
        -:    7:{
        -:    8:    bool t0, t1, s, m, l;
        -:    9:};
        -:   10:
        -:   11:struct Implicant
        -:   12:{
        -:   13:    std::vector<int> bits;
        -:   14:    bool used = false;
        -:   15:
       70:   16:    bool operator<(const Implicant &other) const
        -:   17:    {
       70:   18:        return bits < other.bits;
        -:   19:    }
        -:   20:};
        -:   21:
        -:   22:class NormalForms
        -:   23:{
        -:   24:public:
        -:   25:    static std::string getSDNF(const std::vector<char> &vars, const std::vector<std::map<char, bool>> &ones);
        -:   26:    static std::string getSKNF(const std::vector<char> &vars, const std::vector<std::map<char, bool>> &zeros);
        -:   27:
        -:   28:    static std::string getNumericSDNF(const std::vector<int> &indices);
        -:   29:    static std::string getNumericSKNF(const std::vector<int> &indices);
        -:   30:
        -:   31:    static std::string getFunctionIndex(const std::vector<bool> &results);
        -:   32:
        -:   33:    static PostClasses checkPostClasses(const std::vector<bool> &results, int varCount);
        -:   34:    static void printPostTable(const PostClasses& p, const std::vector<bool>& res, int n);
        -:   35:
        -:   36:    static std::string getZhegalkinPolynomial(const std::vector<bool> &results, const std::vector<char> &vars);
        -:   37:
        -:   38:    static void findVariablesType(const std::vector<bool> &results, const std::vector<char> &vars,
        -:   39:                                  std::vector<char> &essential, std::vector<char> &fictitious);
        -:   40:
        -:   41:    static std::vector<bool> getBooleanDerivative(const std::vector<bool> &results, int varIndex, int totalVars);
        -:   42:    static std::string vectorToTableString(const std::vector<bool> &derivativeRes);
        -:   43:
        -:   44:    static std::string getMinimizedQuine(const std::vector<char> &vars, const std::vector<int> &ones_indices);
        -:   45:
        -:   46:    static void getQuineMcCluskeyTable(const std::vector<char> &vars, const std::vector<int> &ones_i);
        -:   47:
        -:   48:    static void printKarnaughMap(const std::vector<bool> &results, const std::vector<char> &vars);
        -:   49:};
