        -:    0:Source:/home/vika/Рабочий стол/sem2/aois/lab2/src/forms.cpp
        -:    1:#include "../include/forms.h"
        -:    2:#include <iostream>
        -:    3:#include <cmath>
        -:    4:#include <algorithm>
        -:    5:#include <iomanip>
        -:    6:#include <set>
        -:    7:
        6:    8:std::string NormalForms::getSDNF(const std::vector<char> &vars, const std::vector<std::map<char, bool>> &ones)
        -:    9:{
        6:   10:    if (ones.empty())
        2:   11:        return "0 (Константа 0)";
        5:   12:    std::string res = "";
       36:   13:    for (size_t i = 0; i < ones.size(); i++)
        -:   14:    {
       31:   15:        res += "(";
      156:   16:        for (size_t j = 0; j < vars.size(); j++)
        -:   17:        {
      125:   18:            if (!ones[i].at(vars[j]))
       53:   19:                res += "!";
      125:   20:            res += vars[j];
      125:   21:            if (j < vars.size() - 1)
       94:   22:                res += "&";
        -:   23:        }
       31:   24:        res += ")";
       31:   25:        if (i < ones.size() - 1)
       26:   26:            res += " | ";
        -:   27:    }
        5:   28:    return res;
        5:   29:}
        -:   30:
        6:   31:std::string NormalForms::getSKNF(const std::vector<char> &vars, const std::vector<std::map<char, bool>> &zeros)
        -:   32:{
        6:   33:    if (zeros.empty())
    #####:   34:        return "1 (Константа 1)";
        6:   35:    std::string res = "";
       35:   36:    for (size_t i = 0; i < zeros.size(); i++)
        -:   37:    {
       29:   38:        res += "(";
      136:   39:        for (size_t j = 0; j < vars.size(); j++)
        -:   40:        {
      107:   41:            if (zeros[i].at(vars[j]))
       44:   42:                res += "!";
      107:   43:            res += vars[j];
      107:   44:            if (j < vars.size() - 1)
       78:   45:                res += "|";
        -:   46:        }
       29:   47:        res += ")";
       29:   48:        if (i < zeros.size() - 1)
       23:   49:            res += " & ";
        -:   50:    }
        6:   51:    return res;
        6:   52:}
        -:   53:
        1:   54:std::string NormalForms::getNumericSDNF(const std::vector<int> &indices)
        -:   55:{
        1:   56:    std::string res = "f_сднф = Sum(";
        6:   57:    for (size_t i = 0; i < indices.size(); i++)
        -:   58:    {
        5:   59:        res += std::to_string(indices[i]) + (i == indices.size() - 1 ? "" : ", ");
        -:   60:    }
        2:   61:    return res + ")";
        1:   62:}
        -:   63:
        1:   64:std::string NormalForms::getNumericSKNF(const std::vector<int> &indices)
        -:   65:{
        1:   66:    std::string res = "f_скнф = Mult(";
        4:   67:    for (size_t i = 0; i < indices.size(); i++)
        -:   68:    {
        3:   69:        res += std::to_string(indices[i]) + (i == indices.size() - 1 ? "" : ", ");
        -:   70:    }
        2:   71:    return res + ")";
        1:   72:}
        -:   73:
        1:   74:std::string NormalForms::getFunctionIndex(const std::vector<bool> &results)
        -:   75:{
        1:   76:    long long index = 0;
        1:   77:    int n = results.size();
        9:   78:    for (int i = 0; i < n; i++)
        -:   79:    {
        8:   80:        if (results[i])
        5:   81:            index += std::pow(2, n - 1 - i);
        -:   82:    }
        1:   83:    return "Индекс функции: " + std::to_string(index);
        -:   84:}
        -:   85:
        1:   86:PostClasses NormalForms::checkPostClasses(const std::vector<bool> &res, int varCount)
        -:   87:{
        -:   88:    PostClasses p;
        1:   89:    int n = res.size();
        1:   90:    p.t0 = (res[0] == 0);
        1:   91:    p.t1 = (res[n - 1] == 1);
        -:   92:
        1:   93:    p.s = true;
        5:   94:    for (int i = 0; i < n / 2; i++)
        4:   95:        if (res[i] == res[n - 1 - i])
        1:   96:            p.s = false;
        -:   97:
        1:   98:    p.m = true;
        9:   99:    for (int i = 0; i < n; i++)
        -:  100:    {
       72:  101:        for (int j = 0; j < n; j++)
        -:  102:        {
       64:  103:            if ((i & j) == i && res[i] > res[j])
        5:  104:                p.m = false;
        -:  105:        }
        -:  106:    }
        -:  107:
        1:  108:    p.l = true;
        1:  109:    std::vector<bool> c = res;
        8:  110:    for (int i = 1; i < n; i++)
        -:  111:    {
       35:  112:        for (int j = n - 1; j >= i; j--)
       28:  113:            c[j] = c[j] ^ c[j - 1];
        -:  114:    }
        9:  115:    for (int i = 0; i < n; i++)
        -:  116:    {
        8:  117:        if (c[i])
        -:  118:        {
        3:  119:            int bits = 0, t = i;
        7:  120:            while (t)
        -:  121:            {
        4:  122:                bits += (t & 1);
        4:  123:                t >>= 1;
        -:  124:            }
        3:  125:            if (bits > 1)
        1:  126:                p.l = false;
        -:  127:        }
        -:  128:    }
        1:  129:    return p;
        1:  130:}
        -:  131:
        1:  132:void NormalForms::printPostTable(const PostClasses &p, const std::vector<bool> &res, int n)
        -:  133:{
       1*:  134:    std::cout << "T0: " << (p.t0 ? "+" : "-") << "\n";
       1*:  135:    std::cout << "T1: " << (p.t1 ? "+" : "-") << "\n";
       1*:  136:    std::cout << "S:  " << (p.s ? "+" : "-") << "\n";
       1*:  137:    std::cout << "M:  " << (p.m ? "+" : "-") << "\n";
       1*:  138:    std::cout << "L:  " << (p.l ? "+" : "-") << "\n";
        1:  139:}
        -:  140:
        1:  141:std::string NormalForms::getZhegalkinPolynomial(const std::vector<bool> &res, const std::vector<char> &vars)
        -:  142:{
        1:  143:    int n = res.size();
        1:  144:    std::vector<bool> c = res, coefs;
        1:  145:    coefs.push_back(c[0]);
        8:  146:    for (int i = 1; i < n; i++)
        -:  147:    {
       35:  148:        for (int j = 0; j < n - i; j++)
       28:  149:            c[j] = c[j] ^ c[j + 1];
        7:  150:        coefs.push_back(c[0]);
        -:  151:    }
        1:  152:    std::string poly = "";
        1:  153:    bool first = true;
        9:  154:    for (int i = 0; i < n; i++)
        -:  155:    {
        8:  156:        if (coefs[i])
        -:  157:        {
        3:  158:            if (!first)
        2:  159:                poly += " ^ ";
        3:  160:            if (i == 0)
        1:  161:                poly += "1";
        -:  162:            else
        -:  163:            {
        8:  164:                for (int j = 0; j < (int)vars.size(); j++)
        -:  165:                {
        6:  166:                    if ((i >> (vars.size() - 1 - j)) & 1)
        4:  167:                        poly += vars[j];
        -:  168:                }
        -:  169:            }
        3:  170:            first = false;
        -:  171:        }
        -:  172:    }
       2*:  173:    return poly.empty() ? "0" : poly;
        1:  174:}
        -:  175:
        1:  176:void NormalForms::findVariablesType(const std::vector<bool> &res, const std::vector<char> &vars, std::vector<char> &ess, std::vector<char> &fict)
        -:  177:{
        1:  178:    int n = vars.size();
        4:  179:    for (int i = 0; i < n; i++)
        -:  180:    {
        3:  181:        bool is_ess = false;
        3:  182:        int bit_pos = n - 1 - i;
       11:  183:        for (int j = 0; j < (int)res.size(); j++)
        -:  184:        {
       11:  185:            if (!((j >> bit_pos) & 1))
        -:  186:            {
        9:  187:                if (res[j] != res[j | (1 << bit_pos)])
        -:  188:                {
        3:  189:                    is_ess = true;
        3:  190:                    break;
        -:  191:                }
        -:  192:            }
        -:  193:        }
        3:  194:        if (is_ess)
        3:  195:            ess.push_back(vars[i]);
        -:  196:        else
    #####:  197:            fict.push_back(vars[i]);
        -:  198:    }
        1:  199:}
        -:  200:
        5:  201:std::vector<bool> NormalForms::getBooleanDerivative(const std::vector<bool> &res, int varIdx, int total)
        -:  202:{
        5:  203:    std::vector<bool> d;
        5:  204:    int pos = total - 1 - varIdx;
       45:  205:    for (int j = 0; j < (int)res.size(); j++)
        -:  206:    {
       40:  207:        d.push_back(res[j & ~(1 << pos)] ^ res[j | (1 << pos)]);
        -:  208:    }
        5:  209:    return d;
    =====:  210:}
        -:  211:
        4:  212:std::string NormalForms::vectorToTableString(const std::vector<bool> &vec)
        -:  213:{
        4:  214:    std::string s = "[ ";
       36:  215:    for (bool b : vec)
       32:  216:        s += (b ? "1 " : "0 ");
        8:  217:    return s + "]";
        4:  218:}
        -:  219:
        1:  220:std::string NormalForms::getMinimizedQuine(const std::vector<char> &vars, const std::vector<int> &ones_i)
        -:  221:{
        1:  222:    int n = vars.size();
        1:  223:    std::set<Implicant> current;
        6:  224:    for (int idx : ones_i)
        -:  225:    {
        5:  226:        Implicant imp;
       20:  227:        for (int i = n - 1; i >= 0; i--)
       15:  228:            imp.bits.push_back((idx >> i) & 1);
        5:  229:        current.insert(imp);
        5:  230:    }
        1:  231:    std::set<Implicant> primes;
        4:  232:    while (!current.empty())
        -:  233:    {
        3:  234:        std::set<Implicant> next;
        6:  235:        std::vector<Implicant> v(current.begin(), current.end());
        3:  236:        std::vector<bool> used(v.size(), false);
       14:  237:        for (size_t i = 0; i < v.size(); i++)
        -:  238:        {
       31:  239:            for (size_t j = i + 1; j < v.size(); j++)
        -:  240:            {
       20:  241:                int diff = 0, pos = -1;
       80:  242:                for (int k = 0; k < n; k++)
       60:  243:                    if (v[i].bits[k] != v[j].bits[k])
        -:  244:                    {
       36:  245:                        diff++;
       36:  246:                        pos = k;
        -:  247:                    }
       20:  248:                if (diff == 1)
        -:  249:                {
        7:  250:                    Implicant m = v[i];
        7:  251:                    m.bits[pos] = -1;
        7:  252:                    next.insert(m);
        7:  253:                    used[i] = used[j] = true;
        7:  254:                }
        -:  255:            }
        -:  256:        }
       14:  257:        for (size_t i = 0; i < v.size(); i++)
       11:  258:            if (!used[i])
        2:  259:                primes.insert(v[i]);
        3:  260:        current = next;
        3:  261:    }
        1:  262:    std::string res = "";
        3:  263:    for (auto &im : primes)
        -:  264:    {
        2:  265:        if (!res.empty())
        1:  266:            res += " v ";
        2:  267:        res += "(";
        8:  268:        for (int i = 0; i < n; i++)
        -:  269:        {
        6:  270:            if (im.bits[i] != -1)
        -:  271:            {
        3:  272:                if (im.bits[i] == 0)
        1:  273:                    res += "!";
        3:  274:                res += vars[i];
        -:  275:            }
        -:  276:        }
        2:  277:        res += ")";
        -:  278:    }
       2*:  279:    return res.empty() ? "0" : res;
        1:  280:}
        -:  281:
        1:  282:void NormalForms::getQuineMcCluskeyTable(const std::vector<char> &vars, const std::vector<int> &ones_i)
        -:  283:{
        1:  284:    int n = vars.size();
        -:  285:
        1:  286:    std::set<Implicant> current;
        6:  287:    for (int idx : ones_i)
        -:  288:    {
        5:  289:        Implicant imp;
       20:  290:        for (int i = n - 1; i >= 0; i--)
       15:  291:            imp.bits.push_back((idx >> i) & 1);
        5:  292:        current.insert(imp);
        5:  293:    }
        -:  294:
        1:  295:    std::set<Implicant> primes;
        4:  296:    while (!current.empty())
        -:  297:    {
        3:  298:        std::set<Implicant> next;
        6:  299:        std::vector<Implicant> v(current.begin(), current.end());
        3:  300:        std::vector<bool> used(v.size(), false);
       14:  301:        for (size_t i = 0; i < v.size(); i++)
        -:  302:        {
       31:  303:            for (size_t j = i + 1; j < v.size(); j++)
        -:  304:            {
       20:  305:                int diff = 0, pos = -1;
       80:  306:                for (int k = 0; k < n; k++)
       60:  307:                    if (v[i].bits[k] != v[j].bits[k])
        -:  308:                    {
       36:  309:                        diff++;
       36:  310:                        pos = k;
        -:  311:                    }
       20:  312:                if (diff == 1)
        -:  313:                {
        7:  314:                    Implicant m = v[i];
        7:  315:                    m.bits[pos] = -1;
        7:  316:                    next.insert(m);
        7:  317:                    used[i] = used[j] = true;
        7:  318:                }
        -:  319:            }
        -:  320:        }
       14:  321:        for (size_t i = 0; i < v.size(); i++)
       11:  322:            if (!used[i])
        2:  323:                primes.insert(v[i]);
        3:  324:        current = next;
        3:  325:    }
        -:  326:
        1:  327:    std::cout << "\nТаблица покрытия импликантами:\n";
        1:  328:    std::cout << std::setw(10) << "Импл. \\ Набор | ";
        6:  329:    for (int idx : ones_i)
        5:  330:        std::cout << std::setw(3) << idx << " ";
        -:  331:    std::cout << "\n"
        2:  332:              << std::string(15 + ones_i.size() * 4, '-') << "\n";
        -:  333:
        3:  334:    for (auto &im : primes)
        -:  335:    {
        2:  336:        std::string s_im = "";
        8:  337:        for (int b : im.bits)
       12:  338:            s_im += (b == -1 ? "-" : std::to_string(b));
        2:  339:        std::cout << std::setw(13) << s_im << " | ";
        -:  340:
       12:  341:        for (int idx : ones_i)
        -:  342:        {
       10:  343:            bool covers = true;
       31:  344:            for (int k = 0; k < n; k++)
        -:  345:            {
       25:  346:                int bit_in_idx = (idx >> (n - 1 - k)) & 1;
       25:  347:                if (im.bits[k] != -1 && im.bits[k] != bit_in_idx)
        -:  348:                {
        4:  349:                    covers = false;
        4:  350:                    break;
        -:  351:                }
        -:  352:            }
       10:  353:            std::cout << std::setw(3) << (covers ? "X" : ".") << " ";
        -:  354:        }
        2:  355:        std::cout << "\n";
        2:  356:    }
        1:  357:}
        -:  358:
        1:  359:void NormalForms::printKarnaughMap(const std::vector<bool> &results, const std::vector<char> &vars)
        -:  360:{
        1:  361:    int n = vars.size();
        1:  362:    int gray[] = {0, 1, 3, 2};
        -:  363:
        1:  364:    if (n == 2)
        -:  365:    { 
    #####:  366:        std::cout << "   b\\a | 0 | 1 |\n";
    #####:  367:        std::cout << "  -------------\n";
    #####:  368:        for (int b = 0; b < 2; b++)
        -:  369:        {
    #####:  370:            std::cout << "   " << b << "   | ";
    #####:  371:            for (int a = 0; a < 2; a++)
        -:  372:            {
    #####:  373:                std::cout << results[(a << 1) | b] << " | ";
        -:  374:            }
    #####:  375:            std::cout << "\n";
        -:  376:        }
        -:  377:    }
        1:  378:    else if (n == 3)
        -:  379:    {
        1:  380:        std::cout << " bc\\a | 0 | 1 |\n---------------\n";
        5:  381:        for (int i = 0; i < 4; i++)
        -:  382:        {
        4:  383:            int bc = gray[i];
        -:  384:            std::cout << " " << (bc == 0 ? "00" : bc == 1 ? "01"
        -:  385:                                              : bc == 3   ? "11"
        -:  386:                                                          : "10")
        4:  387:                      << "  | ";
       12:  388:            for (int a = 0; a < 2; a++)
        8:  389:                std::cout << results[(a << 2) | bc] << " | ";
        4:  390:            std::cout << "\n";
        -:  391:        }
        -:  392:    }
    #####:  393:    else if (n == 4)
        -:  394:    {
    #####:  395:        std::cout << " cd\\ab| 00| 01| 11| 10|\n-----------------------\n";
    #####:  396:        for (int i = 0; i < 4; i++)
        -:  397:        {
    #####:  398:            int cd = gray[i];
        -:  399:            std::cout << " " << (cd == 0 ? "00" : cd == 1 ? "01"
        -:  400:                                              : cd == 3   ? "11"
        -:  401:                                                          : "10")
    #####:  402:                      << " | ";
    #####:  403:            for (int j = 0; j < 4; j++)
    #####:  404:                std::cout << " " << results[(gray[j] << 2) | cd] << " |";
    #####:  405:            std::cout << "\n";
        -:  406:        }
        -:  407:    }
        -:  408:    else
        -:  409:    {
    #####:  410:        std::cout << "Карта Карно доступна для 3 или 4 переменных.\n";
        -:  411:    }
        1:  412:}
