        -:    0:Source:/home/vika/Рабочий стол/sem2/aois/lab2/src/table.cpp
        -:    1:#include "../include/table.h"
        -:    2:#include "../include/opz.h"
        -:    3:#include "../include/forms.h"
        -:    4:#include "../include/exceptions.h"
        -:    5:#include <iostream>
        -:    6:#include <vector>
        -:    7:#include <set>
        -:    8:#include <map>
        -:    9:#include <cmath>
        -:   10:#include <stack>
        -:   11:
       19:   12:std::string Table::validateAndClean(const std::string &expr)
        -:   13:{
       19:   14:    if (expr.empty())
    #####:   15:        throw LogicalError("Строка пуста.");
       19:   16:    std::string res = "";
       19:   17:    int brackets = 0;
      179:   18:    for (size_t i = 0; i < expr.length(); i++)
        -:   19:    {
      161:   20:        char c = expr[i];
      161:   21:        if (isspace(c))
       54:   22:            continue;
      107:   23:        if (c >= 'a' && c <= 'e')
       50:   24:            res += c;
       57:   25:        else if (c == '-' && i + 1 < expr.length() && expr[i + 1] == '>')
        -:   26:        {
        2:   27:            res += '>';
        2:   28:            i++;
        -:   29:        }
      110:   30:        else if (std::string("!&|~()").find(c) != std::string::npos)
        -:   31:        {
       55:   32:            res += c;
       55:   33:            if (c == '(')
        6:   34:                brackets++;
       55:   35:            if (c == ')')
        5:   36:                brackets--;
        -:   37:        }
        -:   38:        else
    #####:   39:            throw InvalidSymbol(c);
      107:   40:        if (brackets < 0)
        1:   41:            throw BracketError();
        -:   42:    }
       18:   43:    if (brackets != 0)
        2:   44:        throw BracketError();
       16:   45:    return res;
        3:   46:}
        -:   47:
       19:   48:void Table::generate(const std::string &raw_expr, int mode)
        -:   49:{
       19:   50:    std::string formula = validateAndClean(raw_expr);
       16:   51:    std::string postfix = OPZ::toPostfix(formula);
        -:   52:
       16:   53:    std::set<char> varSet;
      107:   54:    for (char c : formula)
       91:   55:        if (c >= 'a' && c <= 'e')
       44:   56:            varSet.insert(c);
       16:   57:    std::vector<char> vars(varSet.begin(), varSet.end());
        -:   58:
       16:   59:    if (vars.empty())
        3:   60:        throw LogicalError("Переменные не найдены.");
        -:   61:
       15:   62:    std::vector<std::map<char, bool>> ones_v, zeros_v;
       15:   63:    std::vector<int> ones_i, zeros_i;
       15:   64:    std::vector<bool> all_res;
        -:   65:
       59:   66:    for (char v : vars)
       44:   67:        std::cout << v << "\t";
       15:   68:    std::cout << "| F" << std::endl;
       15:   69:    std::cout << "-----------------------" << std::endl;
        -:   70:
       15:   71:    int rows = std::pow(2, vars.size());
      147:   72:    for (int i = 0; i < rows; i++)
        -:   73:    {
      132:   74:        std::map<char, bool> values;
      580:   75:        for (int j = 0; j < (int)vars.size(); j++)
        -:   76:        {
      448:   77:            bool val = (i >> (vars.size() - 1 - j)) & 1;
      448:   78:            values[vars[j]] = val;
      448:   79:            std::cout << val << "\t";
        -:   80:        }
        -:   81:
      132:   82:        bool res = OPZ::evaluate(postfix, values);
      132:   83:        std::cout << "| " << res << std::endl;
        -:   84:
      132:   85:        all_res.push_back(res);
      132:   86:        if (res)
        -:   87:        {
       76:   88:            ones_v.push_back(values);
       76:   89:            ones_i.push_back(i);
        -:   90:        }
        -:   91:        else
        -:   92:        {
       56:   93:            zeros_v.push_back(values);
       56:   94:            zeros_i.push_back(i);
        -:   95:        }
      132:   96:    }
        -:   97:
       15:   98:    switch (mode)
        -:   99:    {
        6:  100:    case 3:
        6:  101:        std::cout << "\n--- Пункт 3: СДНФ и СКНФ ---" << std::endl;
        6:  102:        std::cout << "СДНФ: " << NormalForms::getSDNF(vars, ones_v) << std::endl;
        6:  103:        std::cout << "СКНФ: " << NormalForms::getSKNF(vars, zeros_v) << std::endl;
        6:  104:        break;
        1:  105:    case 4:
        1:  106:        std::cout << "\n--- Пункт 4: Числовая форма ---" << std::endl;
        1:  107:        std::cout << NormalForms::getNumericSDNF(ones_i) << std::endl;
        1:  108:        std::cout << NormalForms::getNumericSKNF(zeros_i) << std::endl;
        1:  109:        break;
        1:  110:    case 5:
        1:  111:        std::cout << "\n--- Пункт 5: Индексная форма ---" << std::endl;
        1:  112:        std::cout << NormalForms::getFunctionIndex(all_res) << std::endl;
        1:  113:        break;
        1:  114:    case 6:
        -:  115:    {
        1:  116:        std::cout << "\n--- Пункт 6: Классы Поста ---" << std::endl;
        1:  117:        PostClasses p = NormalForms::checkPostClasses(all_res, vars.size());
        -:  118:        // Передаем саму структуру, вектор результатов и его размер
        1:  119:        NormalForms::printPostTable(p, all_res, (int)all_res.size());
        1:  120:        break;
        -:  121:    }
        1:  122:    case 7:
        1:  123:        std::cout << "\n--- Пункт 7: Полином Жегалкина ---" << std::endl;
        1:  124:        std::cout << "P(z) = " << NormalForms::getZhegalkinPolynomial(all_res, vars) << std::endl;
        1:  125:        break;
        1:  126:    case 8:
        -:  127:    {
        1:  128:        std::vector<char> essential, fictitious;
        1:  129:        NormalForms::findVariablesType(all_res, vars, essential, fictitious);
        -:  130:
        1:  131:        std::cout << "\n--- Анализ переменных ---" << std::endl;
        1:  132:        std::cout << "Существенные: ";
        1:  133:        if (essential.empty())
    #####:  134:            std::cout << "нет";
        -:  135:        else
        4:  136:            for (char c : essential)
        3:  137:                std::cout << c << " ";
        -:  138:
        1:  139:        std::cout << "\nФиктивные: ";
        1:  140:        if (fictitious.empty())
        1:  141:            std::cout << "нет";
        -:  142:        else
    #####:  143:            for (char c : fictitious)
    #####:  144:                std::cout << c << " ";
        1:  145:        std::cout << std::endl;
        1:  146:        break;
        1:  147:    }
        1:  148:    case 9:
        -:  149:    {
        1:  150:        std::cout << "\n--- Пункт 9: Булево дифференцирование ---" << std::endl;
        4:  151:        for (int i = 0; i < (int)vars.size(); i++)
        -:  152:        {
        3:  153:            std::vector<bool> df = NormalForms::getBooleanDerivative(all_res, i, vars.size());
        3:  154:            std::cout << "df/d" << vars[i] << " = " << NormalForms::vectorToTableString(df) << std::endl;
        3:  155:        }
        -:  156:
        1:  157:        if (vars.size() >= 2)
        -:  158:        {
        1:  159:            std::vector<bool> df1 = NormalForms::getBooleanDerivative(all_res, 0, vars.size());
        1:  160:            std::vector<bool> d2f = NormalForms::getBooleanDerivative(df1, 1, vars.size());
        1:  161:            std::cout << "d2f/d" << vars[0] << "d" << vars[1] << " = " << NormalForms::vectorToTableString(d2f) << std::endl;
        1:  162:        }
        1:  163:        break;
        -:  164:    }
        1:  165:    case 10:
        -:  166:    {
        1:  167:        std::cout << "\n--- Пункт 10: Расчетная минимизация (Квайн) ---" << std::endl;
        1:  168:        std::string minimized = NormalForms::getMinimizedQuine(vars, ones_i);
        1:  169:        std::cout << "\nРезультат минимизации: " << minimized << std::endl;
        1:  170:        break;
        1:  171:    }
        1:  172:    case 11:
        -:  173:    {
        1:  174:        std::cout << "\n--- Пункт 11: Расчетно-табличная минимизация (Квайн-МакКласки) ---" << std::endl;
        1:  175:        NormalForms::getQuineMcCluskeyTable(vars, ones_i);
        1:  176:        break;
        -:  177:    }
        1:  178:    case 12:
        -:  179:    {
        1:  180:        std::cout << "\n--- Пункт 12: Карта Карно ---" << std::endl;
        1:  181:        NormalForms::printKarnaughMap(all_res, vars);
        1:  182:        break;
        -:  183:    }
        -:  184:    }
       19:  185:}
