        -:    0:Source:/usr/include/c++/13/bits/stl_tree.h
        -:    1:// RB tree implementation -*- C++ -*-
        -:    2:
        -:    3:// Copyright (C) 2001-2023 Free Software Foundation, Inc.
        -:    4://
        -:    5:// This file is part of the GNU ISO C++ Library.  This library is free
        -:    6:// software; you can redistribute it and/or modify it under the
        -:    7:// terms of the GNU General Public License as published by the
        -:    8:// Free Software Foundation; either version 3, or (at your option)
        -:    9:// any later version.
        -:   10:
        -:   11:// This library is distributed in the hope that it will be useful,
        -:   12:// but WITHOUT ANY WARRANTY; without even the implied warranty of
        -:   13:// MERCHANTABILITY or FITNESS FOR A PARTICULAR PURPOSE.  See the
        -:   14:// GNU General Public License for more details.
        -:   15:
        -:   16:// Under Section 7 of GPL version 3, you are granted additional
        -:   17:// permissions described in the GCC Runtime Library Exception, version
        -:   18:// 3.1, as published by the Free Software Foundation.
        -:   19:
        -:   20:// You should have received a copy of the GNU General Public License and
        -:   21:// a copy of the GCC Runtime Library Exception along with this program;
        -:   22:// see the files COPYING3 and COPYING.RUNTIME respectively.  If not, see
        -:   23:// <http://www.gnu.org/licenses/>.
        -:   24:
        -:   25:/*
        -:   26: *
        -:   27: * Copyright (c) 1996,1997
        -:   28: * Silicon Graphics Computer Systems, Inc.
        -:   29: *
        -:   30: * Permission to use, copy, modify, distribute and sell this software
        -:   31: * and its documentation for any purpose is hereby granted without fee,
        -:   32: * provided that the above copyright notice appear in all copies and
        -:   33: * that both that copyright notice and this permission notice appear
        -:   34: * in supporting documentation.  Silicon Graphics makes no
        -:   35: * representations about the suitability of this software for any
        -:   36: * purpose.  It is provided "as is" without express or implied warranty.
        -:   37: *
        -:   38: *
        -:   39: * Copyright (c) 1994
        -:   40: * Hewlett-Packard Company
        -:   41: *
        -:   42: * Permission to use, copy, modify, distribute and sell this software
        -:   43: * and its documentation for any purpose is hereby granted without fee,
        -:   44: * provided that the above copyright notice appear in all copies and
        -:   45: * that both that copyright notice and this permission notice appear
        -:   46: * in supporting documentation.  Hewlett-Packard Company makes no
        -:   47: * representations about the suitability of this software for any
        -:   48: * purpose.  It is provided "as is" without express or implied warranty.
        -:   49: *
        -:   50: *
        -:   51: */
        -:   52:
        -:   53:/** @file bits/stl_tree.h
        -:   54: *  This is an internal header file, included by other library headers.
        -:   55: *  Do not attempt to use it directly. @headername{map,set}
        -:   56: */
        -:   57:
        -:   58:#ifndef _STL_TREE_H
        -:   59:#define _STL_TREE_H 1
        -:   60:
        -:   61:#pragma GCC system_header
        -:   62:
        -:   63:#include <bits/stl_algobase.h>
        -:   64:#include <bits/allocator.h>
        -:   65:#include <bits/stl_function.h>
        -:   66:#include <bits/cpp_type_traits.h>
        -:   67:#include <ext/alloc_traits.h>
        -:   68:#if __cplusplus >= 201103L
        -:   69:# include <ext/aligned_buffer.h>
        -:   70:#endif
        -:   71:#if __cplusplus > 201402L
        -:   72:# include <bits/node_handle.h>
        -:   73:#endif
        -:   74:
        -:   75:namespace std _GLIBCXX_VISIBILITY(default)
        -:   76:{
        -:   77:_GLIBCXX_BEGIN_NAMESPACE_VERSION
        -:   78:
        -:   79:#if __cplusplus > 201103L
        -:   80:# define __cpp_lib_generic_associative_lookup 201304L
        -:   81:#endif
        -:   82:
        -:   83:  // Red-black tree class, designed for use in implementing STL
        -:   84:  // associative containers (set, multiset, map, and multimap). The
        -:   85:  // insertion and deletion algorithms are based on those in Cormen,
        -:   86:  // Leiserson, and Rivest, Introduction to Algorithms (MIT Press,
        -:   87:  // 1990), except that
        -:   88:  //
        -:   89:  // (1) the header cell is maintained with links not only to the root
        -:   90:  // but also to the leftmost node of the tree, to enable constant
        -:   91:  // time begin(), and to the rightmost node of the tree, to enable
        -:   92:  // linear time performance when used with the generic set algorithms
        -:   93:  // (set_union, etc.)
        -:   94:  //
        -:   95:  // (2) when a node being deleted has two children its successor node
        -:   96:  // is relinked into its place, rather than copied, so that the only
        -:   97:  // iterators invalidated are those referring to the deleted node.
        -:   98:
        -:   99:  enum _Rb_tree_color { _S_red = false, _S_black = true };
        -:  100:
        -:  101:  struct _Rb_tree_node_base
        -:  102:  {
        -:  103:    typedef _Rb_tree_node_base* _Base_ptr;
        -:  104:    typedef const _Rb_tree_node_base* _Const_Base_ptr;
        -:  105:
        -:  106:    _Rb_tree_color	_M_color;
        -:  107:    _Base_ptr		_M_parent;
        -:  108:    _Base_ptr		_M_left;
        -:  109:    _Base_ptr		_M_right;
        -:  110:
        -:  111:    static _Base_ptr
     136*:  112:    _S_minimum(_Base_ptr __x) _GLIBCXX_NOEXCEPT
        -:  113:    {
     258*:  114:      while (__x->_M_left != 0) __x = __x->_M_left;
     136*:  115:      return __x;
        -:  116:    }
------------------
_ZNSt18_Rb_tree_node_base10_S_minimumEPS_:
      136:  112:    _S_minimum(_Base_ptr __x) _GLIBCXX_NOEXCEPT
        -:  113:    {
      258:  114:      while (__x->_M_left != 0) __x = __x->_M_left;
      136:  115:      return __x;
        -:  116:    }
------------------
_ZNSt18_Rb_tree_node_base10_S_minimumEPS_:
    #####:  112:    _S_minimum(_Base_ptr __x) _GLIBCXX_NOEXCEPT
        -:  113:    {
    #####:  114:      while (__x->_M_left != 0) __x = __x->_M_left;
    #####:  115:      return __x;
        -:  116:    }
------------------
        -:  117:
        -:  118:    static _Const_Base_ptr
        -:  119:    _S_minimum(_Const_Base_ptr __x) _GLIBCXX_NOEXCEPT
        -:  120:    {
        -:  121:      while (__x->_M_left != 0) __x = __x->_M_left;
        -:  122:      return __x;
        -:  123:    }
        -:  124:
        -:  125:    static _Base_ptr
     136*:  126:    _S_maximum(_Base_ptr __x) _GLIBCXX_NOEXCEPT
        -:  127:    {
     304*:  128:      while (__x->_M_right != 0) __x = __x->_M_right;
     136*:  129:      return __x;
        -:  130:    }
------------------
_ZNSt18_Rb_tree_node_base10_S_maximumEPS_:
      136:  126:    _S_maximum(_Base_ptr __x) _GLIBCXX_NOEXCEPT
        -:  127:    {
      304:  128:      while (__x->_M_right != 0) __x = __x->_M_right;
      136:  129:      return __x;
        -:  130:    }
------------------
_ZNSt18_Rb_tree_node_base10_S_maximumEPS_:
    #####:  126:    _S_maximum(_Base_ptr __x) _GLIBCXX_NOEXCEPT
        -:  127:    {
    #####:  128:      while (__x->_M_right != 0) __x = __x->_M_right;
    #####:  129:      return __x;
        -:  130:    }
------------------
        -:  131:
        -:  132:    static _Const_Base_ptr
        -:  133:    _S_maximum(_Const_Base_ptr __x) _GLIBCXX_NOEXCEPT
        -:  134:    {
        -:  135:      while (__x->_M_right != 0) __x = __x->_M_right;
        -:  136:      return __x;
        -:  137:    }
        -:  138:  };
        -:  139:
        -:  140:  // Helper type offering value initialization guarantee on the compare functor.
        -:  141:  template<typename _Key_compare>
        -:  142:    struct _Rb_tree_key_compare
        -:  143:    {
        -:  144:      _Key_compare		_M_key_compare;
        -:  145:
      158:  146:      _Rb_tree_key_compare()
        -:  147:      _GLIBCXX_NOEXCEPT_IF(
        -:  148:	is_nothrow_default_constructible<_Key_compare>::value)
        -:  149:      : _M_key_compare()
      158:  150:      { }
------------------
_ZNSt20_Rb_tree_key_compareISt4lessIcEEC2Ev:
      148:  146:      _Rb_tree_key_compare()
        -:  147:      _GLIBCXX_NOEXCEPT_IF(
        -:  148:	is_nothrow_default_constructible<_Key_compare>::value)
        -:  149:      : _M_key_compare()
      148:  150:      { }
------------------
_ZNSt20_Rb_tree_key_compareISt4lessI9ImplicantEEC2Ev:
       10:  146:      _Rb_tree_key_compare()
        -:  147:      _GLIBCXX_NOEXCEPT_IF(
        -:  148:	is_nothrow_default_constructible<_Key_compare>::value)
        -:  149:      : _M_key_compare()
       10:  150:      { }
------------------
        -:  151:
      132:  152:      _Rb_tree_key_compare(const _Key_compare& __comp)
        -:  153:      : _M_key_compare(__comp)
      132:  154:      { }
        -:  155:
        -:  156:#if __cplusplus >= 201103L
        -:  157:      // Copy constructor added for consistency with C++98 mode.
        -:  158:      _Rb_tree_key_compare(const _Rb_tree_key_compare&) = default;
        -:  159:
      161:  160:      _Rb_tree_key_compare(_Rb_tree_key_compare&& __x)
        -:  161:	noexcept(is_nothrow_copy_constructible<_Key_compare>::value)
        -:  162:      : _M_key_compare(__x._M_key_compare)
      161:  163:      { }
        -:  164:#endif
        -:  165:    };
        -:  166:
        -:  167:  // Helper type to manage default initialization of node count and header.
        -:  168:  struct _Rb_tree_header
        -:  169:  {
        -:  170:    _Rb_tree_node_base	_M_header;
        -:  171:    size_t		_M_node_count; // Keeps track of size of tree.
        -:  172:
     290*:  173:    _Rb_tree_header() _GLIBCXX_NOEXCEPT
     290*:  174:    {
     290*:  175:      _M_header._M_color = _S_red;
     290*:  176:      _M_reset();
     290*:  177:    }
------------------
_ZNSt15_Rb_tree_headerC2Ev:
      290:  173:    _Rb_tree_header() _GLIBCXX_NOEXCEPT
      290:  174:    {
      290:  175:      _M_header._M_color = _S_red;
      290:  176:      _M_reset();
      290:  177:    }
------------------
_ZNSt15_Rb_tree_headerC2Ev:
    #####:  173:    _Rb_tree_header() _GLIBCXX_NOEXCEPT
    #####:  174:    {
    #####:  175:      _M_header._M_color = _S_red;
    #####:  176:      _M_reset();
    #####:  177:    }
------------------
        -:  178:
        -:  179:#if __cplusplus >= 201103L
      161:  180:    _Rb_tree_header(_Rb_tree_header&& __x) noexcept
      161:  181:    {
      161:  182:      if (__x._M_header._M_parent != nullptr)
      161:  183:	_M_move_data(__x);
        -:  184:      else
        -:  185:	{
    #####:  186:	  _M_header._M_color = _S_red;
    #####:  187:	  _M_reset();
        -:  188:	}
      161:  189:    }
        -:  190:#endif
        -:  191:
        -:  192:    void
      161:  193:    _M_move_data(_Rb_tree_header& __from)
        -:  194:    {
      161:  195:      _M_header._M_color = __from._M_header._M_color;
      161:  196:      _M_header._M_parent = __from._M_header._M_parent;
      161:  197:      _M_header._M_left = __from._M_header._M_left;
      161:  198:      _M_header._M_right = __from._M_header._M_right;
      161:  199:      _M_header._M_parent->_M_parent = &_M_header;
      161:  200:      _M_node_count = __from._M_node_count;
        -:  201:
      161:  202:      __from._M_reset();
      161:  203:    }
        -:  204:
        -:  205:    void
     457*:  206:    _M_reset()
        -:  207:    {
     457*:  208:      _M_header._M_parent = 0;
     457*:  209:      _M_header._M_left = &_M_header;
     457*:  210:      _M_header._M_right = &_M_header;
     457*:  211:      _M_node_count = 0;
     457*:  212:    }
------------------
_ZNSt15_Rb_tree_header8_M_resetEv:
      457:  206:    _M_reset()
        -:  207:    {
      457:  208:      _M_header._M_parent = 0;
      457:  209:      _M_header._M_left = &_M_header;
      457:  210:      _M_header._M_right = &_M_header;
      457:  211:      _M_node_count = 0;
      457:  212:    }
------------------
_ZNSt15_Rb_tree_header8_M_resetEv:
    #####:  206:    _M_reset()
        -:  207:    {
    #####:  208:      _M_header._M_parent = 0;
    #####:  209:      _M_header._M_left = &_M_header;
    #####:  210:      _M_header._M_right = &_M_header;
    #####:  211:      _M_node_count = 0;
    #####:  212:    }
------------------
        -:  213:  };
        -:  214:
        -:  215:  template<typename _Val>
        -:  216:    struct _Rb_tree_node : public _Rb_tree_node_base
        -:  217:    {
        -:  218:      typedef _Rb_tree_node<_Val>* _Link_type;
        -:  219:
        -:  220:#if __cplusplus < 201103L
        -:  221:      _Val _M_value_field;
        -:  222:
        -:  223:      _Val*
        -:  224:      _M_valptr()
        -:  225:      { return std::__addressof(_M_value_field); }
        -:  226:
        -:  227:      const _Val*
        -:  228:      _M_valptr() const
        -:  229:      { return std::__addressof(_M_value_field); }
        -:  230:#else
        -:  231:      __gnu_cxx::__aligned_membuf<_Val> _M_storage;
        -:  232:
        -:  233:      _Val*
    3760*:  234:      _M_valptr()
    3760*:  235:      { return _M_storage._M_ptr(); }
------------------
_ZNSt13_Rb_tree_nodeIcE9_M_valptrEv:
       88:  234:      _M_valptr()
       88:  235:      { return _M_storage._M_ptr(); }
------------------
_ZNSt13_Rb_tree_nodeISt4pairIKcbEE9_M_valptrEv:
     3584:  234:      _M_valptr()
     3584:  235:      { return _M_storage._M_ptr(); }
------------------
_ZNSt13_Rb_tree_nodeISt4pairIKcbEE9_M_valptrEv:
    #####:  234:      _M_valptr()
    #####:  235:      { return _M_storage._M_ptr(); }
------------------
_ZNSt13_Rb_tree_nodeI9ImplicantE9_M_valptrEv:
       88:  234:      _M_valptr()
       88:  235:      { return _M_storage._M_ptr(); }
------------------
        -:  236:
        -:  237:      const _Val*
    4162*:  238:      _M_valptr() const
    4162*:  239:      { return _M_storage._M_ptr(); }
------------------
_ZNKSt13_Rb_tree_nodeISt4pairIKcbEE9_M_valptrEv:
     3920:  238:      _M_valptr() const
     3920:  239:      { return _M_storage._M_ptr(); }
------------------
_ZNKSt13_Rb_tree_nodeIcE9_M_valptrEv:
      146:  238:      _M_valptr() const
      146:  239:      { return _M_storage._M_ptr(); }
------------------
_ZNKSt13_Rb_tree_nodeISt4pairIKcbEE9_M_valptrEv:
    #####:  238:      _M_valptr() const
    #####:  239:      { return _M_storage._M_ptr(); }
------------------
_ZNKSt13_Rb_tree_nodeISt4pairIKcbEE9_M_valptrEv:
    #####:  238:      _M_valptr() const
    #####:  239:      { return _M_storage._M_ptr(); }
------------------
_ZNKSt13_Rb_tree_nodeI9ImplicantE9_M_valptrEv:
       96:  238:      _M_valptr() const
       96:  239:      { return _M_storage._M_ptr(); }
------------------
        -:  240:#endif
        -:  241:    };
        -:  242:
        -:  243:  _GLIBCXX_PURE _Rb_tree_node_base*
        -:  244:  _Rb_tree_increment(_Rb_tree_node_base* __x) throw ();
        -:  245:
        -:  246:  _GLIBCXX_PURE const _Rb_tree_node_base*
        -:  247:  _Rb_tree_increment(const _Rb_tree_node_base* __x) throw ();
        -:  248:
        -:  249:  _GLIBCXX_PURE _Rb_tree_node_base*
        -:  250:  _Rb_tree_decrement(_Rb_tree_node_base* __x) throw ();
        -:  251:
        -:  252:  _GLIBCXX_PURE const _Rb_tree_node_base*
        -:  253:  _Rb_tree_decrement(const _Rb_tree_node_base* __x) throw ();
        -:  254:
        -:  255:  template<typename _Tp>
        -:  256:    struct _Rb_tree_iterator
        -:  257:    {
        -:  258:      typedef _Tp  value_type;
        -:  259:      typedef _Tp& reference;
        -:  260:      typedef _Tp* pointer;
        -:  261:
        -:  262:      typedef bidirectional_iterator_tag iterator_category;
        -:  263:      typedef ptrdiff_t			 difference_type;
        -:  264:
        -:  265:      typedef _Rb_tree_iterator<_Tp>		_Self;
        -:  266:      typedef _Rb_tree_node_base::_Base_ptr	_Base_ptr;
        -:  267:      typedef _Rb_tree_node<_Tp>*		_Link_type;
        -:  268:
        -:  269:      _Rb_tree_iterator() _GLIBCXX_NOEXCEPT
        -:  270:      : _M_node() { }
        -:  271:
        -:  272:      explicit
    3123*:  273:      _Rb_tree_iterator(_Base_ptr __x) _GLIBCXX_NOEXCEPT
    3123*:  274:      : _M_node(__x) { }
------------------
_ZNSt17_Rb_tree_iteratorISt4pairIKcbEEC2EPSt18_Rb_tree_node_base:
     2952:  273:      _Rb_tree_iterator(_Base_ptr __x) _GLIBCXX_NOEXCEPT
     2952:  274:      : _M_node(__x) { }
------------------
_ZNSt17_Rb_tree_iteratorIcEC2EPSt18_Rb_tree_node_base:
      103:  273:      _Rb_tree_iterator(_Base_ptr __x) _GLIBCXX_NOEXCEPT
      103:  274:      : _M_node(__x) { }
------------------
_ZNSt17_Rb_tree_iteratorISt4pairIKcbEEC2EPSt18_Rb_tree_node_base:
    #####:  273:      _Rb_tree_iterator(_Base_ptr __x) _GLIBCXX_NOEXCEPT
    #####:  274:      : _M_node(__x) { }
------------------
_ZNSt17_Rb_tree_iteratorI9ImplicantEC2EPSt18_Rb_tree_node_base:
       68:  273:      _Rb_tree_iterator(_Base_ptr __x) _GLIBCXX_NOEXCEPT
       68:  274:      : _M_node(__x) { }
------------------
        -:  275:
        -:  276:      reference
    1344*:  277:      operator*() const _GLIBCXX_NOEXCEPT
    1344*:  278:      { return *static_cast<_Link_type>(_M_node)->_M_valptr(); }
------------------
_ZNKSt17_Rb_tree_iteratorISt4pairIKcbEEdeEv:
     1344:  277:      operator*() const _GLIBCXX_NOEXCEPT
     1344:  278:      { return *static_cast<_Link_type>(_M_node)->_M_valptr(); }
------------------
_ZNKSt17_Rb_tree_iteratorISt4pairIKcbEEdeEv:
    #####:  277:      operator*() const _GLIBCXX_NOEXCEPT
    #####:  278:      { return *static_cast<_Link_type>(_M_node)->_M_valptr(); }
------------------
        -:  279:
        -:  280:      pointer
        -:  281:      operator->() const _GLIBCXX_NOEXCEPT
        -:  282:      { return static_cast<_Link_type> (_M_node)->_M_valptr(); }
        -:  283:
        -:  284:      _Self&
    #####:  285:      operator++() _GLIBCXX_NOEXCEPT
        -:  286:      {
    #####:  287:	_M_node = _Rb_tree_increment(_M_node);
    #####:  288:	return *this;
        -:  289:      }
------------------
_ZNSt17_Rb_tree_iteratorISt4pairIKcbEEppEv:
    #####:  285:      operator++() _GLIBCXX_NOEXCEPT
        -:  286:      {
    #####:  287:	_M_node = _Rb_tree_increment(_M_node);
    #####:  288:	return *this;
        -:  289:      }
------------------
_ZNSt17_Rb_tree_iteratorISt4pairIKcbEEppEv:
    #####:  285:      operator++() _GLIBCXX_NOEXCEPT
        -:  286:      {
    #####:  287:	_M_node = _Rb_tree_increment(_M_node);
    #####:  288:	return *this;
        -:  289:      }
------------------
        -:  290:
        -:  291:      _Self
        -:  292:      operator++(int) _GLIBCXX_NOEXCEPT
        -:  293:      {
        -:  294:	_Self __tmp = *this;
        -:  295:	_M_node = _Rb_tree_increment(_M_node);
        -:  296:	return __tmp;
        -:  297:      }
        -:  298:
        -:  299:      _Self&
    #####:  300:      operator--() _GLIBCXX_NOEXCEPT
        -:  301:      {
    #####:  302:	_M_node = _Rb_tree_decrement(_M_node);
    #####:  303:	return *this;
        -:  304:      }
------------------
_ZNSt17_Rb_tree_iteratorISt4pairIKcbEEmmEv:
    #####:  300:      operator--() _GLIBCXX_NOEXCEPT
        -:  301:      {
    #####:  302:	_M_node = _Rb_tree_decrement(_M_node);
    #####:  303:	return *this;
        -:  304:      }
------------------
_ZNSt17_Rb_tree_iteratorIcEmmEv:
    #####:  300:      operator--() _GLIBCXX_NOEXCEPT
        -:  301:      {
    #####:  302:	_M_node = _Rb_tree_decrement(_M_node);
    #####:  303:	return *this;
        -:  304:      }
------------------
_ZNSt17_Rb_tree_iteratorISt4pairIKcbEEmmEv:
    #####:  300:      operator--() _GLIBCXX_NOEXCEPT
        -:  301:      {
    #####:  302:	_M_node = _Rb_tree_decrement(_M_node);
    #####:  303:	return *this;
        -:  304:      }
------------------
_ZNSt17_Rb_tree_iteratorI9ImplicantEmmEv:
    #####:  300:      operator--() _GLIBCXX_NOEXCEPT
        -:  301:      {
    #####:  302:	_M_node = _Rb_tree_decrement(_M_node);
    #####:  303:	return *this;
        -:  304:      }
------------------
        -:  305:
        -:  306:      _Self
        -:  307:      operator--(int) _GLIBCXX_NOEXCEPT
        -:  308:      {
        -:  309:	_Self __tmp = *this;
        -:  310:	_M_node = _Rb_tree_decrement(_M_node);
        -:  311:	return __tmp;
        -:  312:      }
        -:  313:
        -:  314:      friend bool
    1055*:  315:      operator==(const _Self& __x, const _Self& __y) _GLIBCXX_NOEXCEPT
    1055*:  316:      { return __x._M_node == __y._M_node; }
------------------
_ZSteqRKSt17_Rb_tree_iteratorIcES2_:
       15:  315:      operator==(const _Self& __x, const _Self& __y) _GLIBCXX_NOEXCEPT
       15:  316:      { return __x._M_node == __y._M_node; }
------------------
_ZSteqRKSt17_Rb_tree_iteratorISt4pairIKcbEES5_:
     1028:  315:      operator==(const _Self& __x, const _Self& __y) _GLIBCXX_NOEXCEPT
     1028:  316:      { return __x._M_node == __y._M_node; }
------------------
_ZSteqRKSt17_Rb_tree_iteratorISt4pairIKcbEES5_:
    #####:  315:      operator==(const _Self& __x, const _Self& __y) _GLIBCXX_NOEXCEPT
    #####:  316:      { return __x._M_node == __y._M_node; }
------------------
_ZSteqRKSt17_Rb_tree_iteratorI9ImplicantES3_:
       12:  315:      operator==(const _Self& __x, const _Self& __y) _GLIBCXX_NOEXCEPT
       12:  316:      { return __x._M_node == __y._M_node; }
------------------
        -:  317:
        -:  318:#if ! __cpp_lib_three_way_comparison
        -:  319:      friend bool
        -:  320:      operator!=(const _Self& __x, const _Self& __y) _GLIBCXX_NOEXCEPT
        -:  321:      { return __x._M_node != __y._M_node; }
        -:  322:#endif
        -:  323:
        -:  324:      _Base_ptr _M_node;
        -:  325:    };
        -:  326:
        -:  327:  template<typename _Tp>
        -:  328:    struct _Rb_tree_const_iterator
        -:  329:    {
        -:  330:      typedef _Tp	 value_type;
        -:  331:      typedef const _Tp& reference;
        -:  332:      typedef const _Tp* pointer;
        -:  333:
        -:  334:      typedef _Rb_tree_iterator<_Tp> iterator;
        -:  335:
        -:  336:      typedef bidirectional_iterator_tag iterator_category;
        -:  337:      typedef ptrdiff_t			 difference_type;
        -:  338:
        -:  339:      typedef _Rb_tree_const_iterator<_Tp>		_Self;
        -:  340:      typedef _Rb_tree_node_base::_Const_Base_ptr	_Base_ptr;
        -:  341:      typedef const _Rb_tree_node<_Tp>*			_Link_type;
        -:  342:
        -:  343:      _Rb_tree_const_iterator() _GLIBCXX_NOEXCEPT
        -:  344:      : _M_node() { }
        -:  345:
        -:  346:      explicit
      512:  347:      _Rb_tree_const_iterator(_Base_ptr __x) _GLIBCXX_NOEXCEPT
      512:  348:      : _M_node(__x) { }
------------------
_ZNSt23_Rb_tree_const_iteratorIcEC2EPKSt18_Rb_tree_node_base:
       32:  347:      _Rb_tree_const_iterator(_Base_ptr __x) _GLIBCXX_NOEXCEPT
       32:  348:      : _M_node(__x) { }
------------------
_ZNSt23_Rb_tree_const_iteratorISt4pairIKcbEEC2EPKSt18_Rb_tree_node_base:
      464:  347:      _Rb_tree_const_iterator(_Base_ptr __x) _GLIBCXX_NOEXCEPT
      464:  348:      : _M_node(__x) { }
------------------
_ZNSt23_Rb_tree_const_iteratorI9ImplicantEC2EPKSt18_Rb_tree_node_base:
       16:  347:      _Rb_tree_const_iterator(_Base_ptr __x) _GLIBCXX_NOEXCEPT
       16:  348:      : _M_node(__x) { }
------------------
        -:  349:
     520*:  350:      _Rb_tree_const_iterator(const iterator& __it) _GLIBCXX_NOEXCEPT
     520*:  351:      : _M_node(__it._M_node) { }
------------------
_ZNSt23_Rb_tree_const_iteratorIcEC2ERKSt17_Rb_tree_iteratorIcE:
       44:  350:      _Rb_tree_const_iterator(const iterator& __it) _GLIBCXX_NOEXCEPT
       44:  351:      : _M_node(__it._M_node) { }
------------------
_ZNSt23_Rb_tree_const_iteratorISt4pairIKcbEEC2ERKSt17_Rb_tree_iteratorIS2_E:
      448:  350:      _Rb_tree_const_iterator(const iterator& __it) _GLIBCXX_NOEXCEPT
      448:  351:      : _M_node(__it._M_node) { }
------------------
_ZNSt23_Rb_tree_const_iteratorISt4pairIKcbEEC2ERKSt17_Rb_tree_iteratorIS2_E:
    #####:  350:      _Rb_tree_const_iterator(const iterator& __it) _GLIBCXX_NOEXCEPT
    #####:  351:      : _M_node(__it._M_node) { }
------------------
_ZNSt23_Rb_tree_const_iteratorI9ImplicantEC2ERKSt17_Rb_tree_iteratorIS0_E:
       28:  350:      _Rb_tree_const_iterator(const iterator& __it) _GLIBCXX_NOEXCEPT
       28:  351:      : _M_node(__it._M_node) { }
------------------
        -:  352:
        -:  353:      iterator
     448*:  354:      _M_const_cast() const _GLIBCXX_NOEXCEPT
     448*:  355:      { return iterator(const_cast<typename iterator::_Base_ptr>(_M_node)); }
------------------
_ZNKSt23_Rb_tree_const_iteratorISt4pairIKcbEE13_M_const_castEv:
      448:  354:      _M_const_cast() const _GLIBCXX_NOEXCEPT
      448:  355:      { return iterator(const_cast<typename iterator::_Base_ptr>(_M_node)); }
------------------
_ZNKSt23_Rb_tree_const_iteratorISt4pairIKcbEE13_M_const_castEv:
    #####:  354:      _M_const_cast() const _GLIBCXX_NOEXCEPT
    #####:  355:      { return iterator(const_cast<typename iterator::_Base_ptr>(_M_node)); }
------------------
        -:  356:
        -:  357:      reference
      534:  358:      operator*() const _GLIBCXX_NOEXCEPT
      534:  359:      { return *static_cast<_Link_type>(_M_node)->_M_valptr(); }
------------------
_ZNKSt23_Rb_tree_const_iteratorIcEdeEv:
       44:  358:      operator*() const _GLIBCXX_NOEXCEPT
       44:  359:      { return *static_cast<_Link_type>(_M_node)->_M_valptr(); }
------------------
_ZNKSt23_Rb_tree_const_iteratorISt4pairIKcbEEdeEv:
      464:  358:      operator*() const _GLIBCXX_NOEXCEPT
      464:  359:      { return *static_cast<_Link_type>(_M_node)->_M_valptr(); }
------------------
_ZNKSt23_Rb_tree_const_iteratorI9ImplicantEdeEv:
       26:  358:      operator*() const _GLIBCXX_NOEXCEPT
       26:  359:      { return *static_cast<_Link_type>(_M_node)->_M_valptr(); }
------------------
        -:  360:
        -:  361:      pointer
        -:  362:      operator->() const _GLIBCXX_NOEXCEPT
        -:  363:      { return static_cast<_Link_type>(_M_node)->_M_valptr(); }
        -:  364:
        -:  365:      _Self&
      136:  366:      operator++() _GLIBCXX_NOEXCEPT
        -:  367:      {
      136:  368:	_M_node = _Rb_tree_increment(_M_node);
      136:  369:	return *this;
        -:  370:      }
------------------
_ZNSt23_Rb_tree_const_iteratorIcEppEv:
       88:  366:      operator++() _GLIBCXX_NOEXCEPT
        -:  367:      {
       88:  368:	_M_node = _Rb_tree_increment(_M_node);
       88:  369:	return *this;
        -:  370:      }
------------------
_ZNSt23_Rb_tree_const_iteratorI9ImplicantEppEv:
       48:  366:      operator++() _GLIBCXX_NOEXCEPT
        -:  367:      {
       48:  368:	_M_node = _Rb_tree_increment(_M_node);
       48:  369:	return *this;
        -:  370:      }
------------------
        -:  371:
        -:  372:      _Self
        -:  373:      operator++(int) _GLIBCXX_NOEXCEPT
        -:  374:      {
        -:  375:	_Self __tmp = *this;
        -:  376:	_M_node = _Rb_tree_increment(_M_node);
        -:  377:	return __tmp;
        -:  378:      }
        -:  379:
        -:  380:      _Self&
        -:  381:      operator--() _GLIBCXX_NOEXCEPT
        -:  382:      {
        -:  383:	_M_node = _Rb_tree_decrement(_M_node);
        -:  384:	return *this;
        -:  385:      }
        -:  386:
        -:  387:      _Self
        -:  388:      operator--(int) _GLIBCXX_NOEXCEPT
        -:  389:      {
        -:  390:	_Self __tmp = *this;
        -:  391:	_M_node = _Rb_tree_decrement(_M_node);
        -:  392:	return __tmp;
        -:  393:      }
        -:  394:
        -:  395:      friend bool
      232:  396:      operator==(const _Self& __x, const _Self& __y) _GLIBCXX_NOEXCEPT
      232:  397:      { return __x._M_node == __y._M_node; }
        -:  398:
        -:  399:#if ! __cpp_lib_three_way_comparison
        -:  400:      friend bool
      182:  401:      operator!=(const _Self& __x, const _Self& __y) _GLIBCXX_NOEXCEPT
      182:  402:      { return __x._M_node != __y._M_node; }
------------------
_ZStneRKSt23_Rb_tree_const_iteratorIcES2_:
      120:  401:      operator!=(const _Self& __x, const _Self& __y) _GLIBCXX_NOEXCEPT
      120:  402:      { return __x._M_node != __y._M_node; }
------------------
_ZStneRKSt23_Rb_tree_const_iteratorI9ImplicantES3_:
       62:  401:      operator!=(const _Self& __x, const _Self& __y) _GLIBCXX_NOEXCEPT
       62:  402:      { return __x._M_node != __y._M_node; }
------------------
        -:  403:#endif
        -:  404:
        -:  405:      _Base_ptr _M_node;
        -:  406:    };
        -:  407:
        -:  408:  __attribute__((__nonnull__))
        -:  409:  void
        -:  410:  _Rb_tree_insert_and_rebalance(const bool __insert_left,
        -:  411:				_Rb_tree_node_base* __x,
        -:  412:				_Rb_tree_node_base* __p,
        -:  413:				_Rb_tree_node_base& __header) throw ();
        -:  414:
        -:  415:  __attribute__((__nonnull__,__returns_nonnull__))
        -:  416:  _Rb_tree_node_base*
        -:  417:  _Rb_tree_rebalance_for_erase(_Rb_tree_node_base* const __z,
        -:  418:			       _Rb_tree_node_base& __header) throw ();
        -:  419:
        -:  420:#if __cplusplus > 201402L
        -:  421:  template<typename _Tree1, typename _Cmp2>
        -:  422:    struct _Rb_tree_merge_helper { };
        -:  423:#endif
        -:  424:
        -:  425:  template<typename _Key, typename _Val, typename _KeyOfValue,
        -:  426:	   typename _Compare, typename _Alloc = allocator<_Val> >
        -:  427:    class _Rb_tree
        -:  428:    {
        -:  429:      typedef typename __gnu_cxx::__alloc_traits<_Alloc>::template
        -:  430:	rebind<_Rb_tree_node<_Val> >::other _Node_allocator;
        -:  431:
        -:  432:      typedef __gnu_cxx::__alloc_traits<_Node_allocator> _Alloc_traits;
        -:  433:
        -:  434:    protected:
        -:  435:      typedef _Rb_tree_node_base* 		_Base_ptr;
        -:  436:      typedef const _Rb_tree_node_base* 	_Const_Base_ptr;
        -:  437:      typedef _Rb_tree_node<_Val>* 		_Link_type;
        -:  438:      typedef const _Rb_tree_node<_Val>*	_Const_Link_type;
        -:  439:
        -:  440:    private:
        -:  441:      // Functor recycling a pool of nodes and using allocation once the pool
        -:  442:      // is empty.
        -:  443:      struct _Reuse_or_alloc_node
        -:  444:      {
        6:  445:	_Reuse_or_alloc_node(_Rb_tree& __t)
        6:  446:	: _M_root(__t._M_root()), _M_nodes(__t._M_rightmost()), _M_t(__t)
        -:  447:	{
        6:  448:	  if (_M_root)
        -:  449:	    {
        6:  450:	      _M_root->_M_parent = 0;
        -:  451:
        6:  452:	      if (_M_nodes->_M_left)
    #####:  453:		_M_nodes = _M_nodes->_M_left;
        -:  454:	    }
        -:  455:	  else
    #####:  456:	    _M_nodes = 0;
        6:  457:	}
        -:  458:
        -:  459:#if __cplusplus >= 201103L
        -:  460:	_Reuse_or_alloc_node(const _Reuse_or_alloc_node&) = delete;
        -:  461:#endif
        -:  462:
        6:  463:	~_Reuse_or_alloc_node()
        6:  464:	{ _M_t._M_erase(static_cast<_Link_type>(_M_root)); }
        -:  465:
        -:  466:	template<typename _Arg>
        -:  467:	  _Link_type
       12:  468:	  operator()(_GLIBCXX_FWDREF(_Arg) __arg)
        -:  469:	  {
       12:  470:	    _Link_type __node = static_cast<_Link_type>(_M_extract());
       12:  471:	    if (__node)
        -:  472:	      {
       12:  473:		_M_t._M_destroy_node(__node);
       12:  474:		_M_t._M_construct_node(__node, _GLIBCXX_FORWARD(_Arg, __arg));
       12:  475:		return __node;
        -:  476:	      }
        -:  477:
    #####:  478:	    return _M_t._M_create_node(_GLIBCXX_FORWARD(_Arg, __arg));
        -:  479:	  }
        -:  480:
        -:  481:      private:
        -:  482:	_Base_ptr
       12:  483:	_M_extract()
        -:  484:	{
       12:  485:	  if (!_M_nodes)
    #####:  486:	    return _M_nodes;
        -:  487:
       12:  488:	  _Base_ptr __node = _M_nodes;
       12:  489:	  _M_nodes = _M_nodes->_M_parent;
       12:  490:	  if (_M_nodes)
        -:  491:	    {
       10:  492:	      if (_M_nodes->_M_right == __node)
        -:  493:		{
        6:  494:		  _M_nodes->_M_right = 0;
        -:  495:
        6:  496:		  if (_M_nodes->_M_left)
        -:  497:		    {
        6:  498:		      _M_nodes = _M_nodes->_M_left;
        -:  499:
        6:  500:		      while (_M_nodes->_M_right)
    #####:  501:			_M_nodes = _M_nodes->_M_right;
        -:  502:
        6:  503:		      if (_M_nodes->_M_left)
    #####:  504:			_M_nodes = _M_nodes->_M_left;
        -:  505:		    }
        -:  506:		}
        -:  507:	      else // __node is on the left.
        4:  508:		_M_nodes->_M_left = 0;
        -:  509:	    }
        -:  510:	  else
        2:  511:	    _M_root = 0;
        -:  512:
       12:  513:	  return __node;
        -:  514:	}
        -:  515:
        -:  516:	_Base_ptr _M_root;
        -:  517:	_Base_ptr _M_nodes;
        -:  518:	_Rb_tree& _M_t;
        -:  519:      };
        -:  520:
        -:  521:      // Functor similar to the previous one but without any pool of nodes to
        -:  522:      // recycle.
        -:  523:      struct _Alloc_node
        -:  524:      {
      202:  525:	_Alloc_node(_Rb_tree& __t)
      202:  526:	: _M_t(__t) { }
------------------
_ZNSt8_Rb_treeIcSt4pairIKcbESt10_Select1stIS2_ESt4lessIcESaIS2_EE11_Alloc_nodeC2ERS8_:
      132:  525:	_Alloc_node(_Rb_tree& __t)
      132:  526:	: _M_t(__t) { }
------------------
_ZNSt8_Rb_treeIccSt9_IdentityIcESt4lessIcESaIcEE11_Alloc_nodeC2ERS5_:
       44:  525:	_Alloc_node(_Rb_tree& __t)
       44:  526:	: _M_t(__t) { }
------------------
_ZNSt8_Rb_treeI9ImplicantS0_St9_IdentityIS0_ESt4lessIS0_ESaIS0_EE11_Alloc_nodeC2ERS6_:
       26:  525:	_Alloc_node(_Rb_tree& __t)
       26:  526:	: _M_t(__t) { }
------------------
        -:  527:
        -:  528:	template<typename _Arg>
        -:  529:	  _Link_type
      518:  530:	  operator()(_GLIBCXX_FWDREF(_Arg) __arg) const
      518:  531:	  { return _M_t._M_create_node(_GLIBCXX_FORWARD(_Arg, __arg)); }
------------------
_ZNKSt8_Rb_treeIcSt4pairIKcbESt10_Select1stIS2_ESt4lessIcESaIS2_EE11_Alloc_nodeclIRKS2_EEPSt13_Rb_tree_nodeIS2_EOT_:
      448:  530:	  operator()(_GLIBCXX_FWDREF(_Arg) __arg) const
      448:  531:	  { return _M_t._M_create_node(_GLIBCXX_FORWARD(_Arg, __arg)); }
------------------
_ZNKSt8_Rb_treeIccSt9_IdentityIcESt4lessIcESaIcEE11_Alloc_nodeclIRKcEEPSt13_Rb_tree_nodeIcEOT_:
       44:  530:	  operator()(_GLIBCXX_FWDREF(_Arg) __arg) const
       44:  531:	  { return _M_t._M_create_node(_GLIBCXX_FORWARD(_Arg, __arg)); }
------------------
_ZNKSt8_Rb_treeI9ImplicantS0_St9_IdentityIS0_ESt4lessIS0_ESaIS0_EE11_Alloc_nodeclIRKS0_EEPSt13_Rb_tree_nodeIS0_EOT_:
       26:  530:	  operator()(_GLIBCXX_FWDREF(_Arg) __arg) const
       26:  531:	  { return _M_t._M_create_node(_GLIBCXX_FORWARD(_Arg, __arg)); }
------------------
        -:  532:
        -:  533:      private:
        -:  534:	_Rb_tree& _M_t;
        -:  535:      };
        -:  536:
        -:  537:    public:
        -:  538:      typedef _Key 				key_type;
        -:  539:      typedef _Val 				value_type;
        -:  540:      typedef value_type* 			pointer;
        -:  541:      typedef const value_type* 		const_pointer;
        -:  542:      typedef value_type& 			reference;
        -:  543:      typedef const value_type& 		const_reference;
        -:  544:      typedef size_t 				size_type;
        -:  545:      typedef ptrdiff_t 			difference_type;
        -:  546:      typedef _Alloc 				allocator_type;
        -:  547:
        -:  548:      _Node_allocator&
    3888*:  549:      _M_get_Node_allocator() _GLIBCXX_NOEXCEPT
    3888*:  550:      { return this->_M_impl; }
------------------
_ZNSt8_Rb_treeIcSt4pairIKcbESt10_Select1stIS2_ESt4lessIcESaIS2_EE21_M_get_Node_allocatorEv:
     3584:  549:      _M_get_Node_allocator() _GLIBCXX_NOEXCEPT
     3584:  550:      { return this->_M_impl; }
------------------
_ZNSt8_Rb_treeIccSt9_IdentityIcESt4lessIcESaIcEE21_M_get_Node_allocatorEv:
      176:  549:      _M_get_Node_allocator() _GLIBCXX_NOEXCEPT
      176:  550:      { return this->_M_impl; }
------------------
_ZNSt8_Rb_treeIcSt4pairIKcbESt10_Select1stIS2_ESt4lessIcESaIS2_EE21_M_get_Node_allocatorEv:
    #####:  549:      _M_get_Node_allocator() _GLIBCXX_NOEXCEPT
    #####:  550:      { return this->_M_impl; }
------------------
_ZNSt8_Rb_treeI9ImplicantS0_St9_IdentityIS0_ESt4lessIS0_ESaIS0_EE21_M_get_Node_allocatorEv:
      128:  549:      _M_get_Node_allocator() _GLIBCXX_NOEXCEPT
      128:  550:      { return this->_M_impl; }
------------------
        -:  551:
        -:  552:      const _Node_allocator&
    #####:  553:      _M_get_Node_allocator() const _GLIBCXX_NOEXCEPT
    #####:  554:      { return this->_M_impl; }
        -:  555:
        -:  556:      allocator_type
        -:  557:      get_allocator() const _GLIBCXX_NOEXCEPT
        -:  558:      { return allocator_type(_M_get_Node_allocator()); }
        -:  559:
        -:  560:    protected:
        -:  561:      _Link_type
     966*:  562:      _M_get_node()
    1932*:  563:      { return _Alloc_traits::allocate(_M_get_Node_allocator(), 1); }
------------------
_ZNSt8_Rb_treeIccSt9_IdentityIcESt4lessIcESaIcEE11_M_get_nodeEv:
       44:  562:      _M_get_node()
       88:  563:      { return _Alloc_traits::allocate(_M_get_Node_allocator(), 1); }
------------------
_ZNSt8_Rb_treeIcSt4pairIKcbESt10_Select1stIS2_ESt4lessIcESaIS2_EE11_M_get_nodeEv:
      896:  562:      _M_get_node()
     1792:  563:      { return _Alloc_traits::allocate(_M_get_Node_allocator(), 1); }
------------------
_ZNSt8_Rb_treeIcSt4pairIKcbESt10_Select1stIS2_ESt4lessIcESaIS2_EE11_M_get_nodeEv:
    #####:  562:      _M_get_node()
    #####:  563:      { return _Alloc_traits::allocate(_M_get_Node_allocator(), 1); }
------------------
_ZNSt8_Rb_treeI9ImplicantS0_St9_IdentityIS0_ESt4lessIS0_ESaIS0_EE11_M_get_nodeEv:
       26:  562:      _M_get_node()
       52:  563:      { return _Alloc_traits::allocate(_M_get_Node_allocator(), 1); }
------------------
        -:  564:
        -:  565:      void
     966*:  566:      _M_put_node(_Link_type __p) _GLIBCXX_NOEXCEPT
     966*:  567:      { _Alloc_traits::deallocate(_M_get_Node_allocator(), __p, 1); }
------------------
_ZNSt8_Rb_treeIcSt4pairIKcbESt10_Select1stIS2_ESt4lessIcESaIS2_EE11_M_put_nodeEPSt13_Rb_tree_nodeIS2_E:
      896:  566:      _M_put_node(_Link_type __p) _GLIBCXX_NOEXCEPT
      896:  567:      { _Alloc_traits::deallocate(_M_get_Node_allocator(), __p, 1); }
------------------
_ZNSt8_Rb_treeIccSt9_IdentityIcESt4lessIcESaIcEE11_M_put_nodeEPSt13_Rb_tree_nodeIcE:
       44:  566:      _M_put_node(_Link_type __p) _GLIBCXX_NOEXCEPT
       44:  567:      { _Alloc_traits::deallocate(_M_get_Node_allocator(), __p, 1); }
------------------
_ZNSt8_Rb_treeIcSt4pairIKcbESt10_Select1stIS2_ESt4lessIcESaIS2_EE11_M_put_nodeEPSt13_Rb_tree_nodeIS2_E:
    #####:  566:      _M_put_node(_Link_type __p) _GLIBCXX_NOEXCEPT
    #####:  567:      { _Alloc_traits::deallocate(_M_get_Node_allocator(), __p, 1); }
------------------
_ZNSt8_Rb_treeI9ImplicantS0_St9_IdentityIS0_ESt4lessIS0_ESaIS0_EE11_M_put_nodeEPSt13_Rb_tree_nodeIS0_E:
       26:  566:      _M_put_node(_Link_type __p) _GLIBCXX_NOEXCEPT
       26:  567:      { _Alloc_traits::deallocate(_M_get_Node_allocator(), __p, 1); }
------------------
        -:  568:
        -:  569:#if __cplusplus < 201103L
        -:  570:      void
        -:  571:      _M_construct_node(_Link_type __node, const value_type& __x)
        -:  572:      {
        -:  573:	__try
        -:  574:	  { get_allocator().construct(__node->_M_valptr(), __x); }
        -:  575:	__catch(...)
        -:  576:	  {
        -:  577:	    _M_put_node(__node);
        -:  578:	    __throw_exception_again;
        -:  579:	  }
        -:  580:      }
        -:  581:
        -:  582:      _Link_type
        -:  583:      _M_create_node(const value_type& __x)
        -:  584:      {
        -:  585:	_Link_type __tmp = _M_get_node();
        -:  586:	_M_construct_node(__tmp, __x);
        -:  587:	return __tmp;
        -:  588:      }
        -:  589:#else
        -:  590:      template<typename... _Args>
        -:  591:	void
     978*:  592:	_M_construct_node(_Link_type __node, _Args&&... __args)
        -:  593:	{
        -:  594:	  __try
        -:  595:	    {
     978*:  596:	      ::new(__node) _Rb_tree_node<_Val>;
     978*:  597:	      _Alloc_traits::construct(_M_get_Node_allocator(),
        -:  598:				       __node->_M_valptr(),
        -:  599:				       std::forward<_Args>(__args)...);
        -:  600:	    }
    =====:  601:	  __catch(...)
        -:  602:	    {
    =====:  603:	      __node->~_Rb_tree_node<_Val>();
    =====:  604:	      _M_put_node(__node);
    =====:  605:	      __throw_exception_again;
        -:  606:	    }
     978*:  607:	}
------------------
_ZNSt8_Rb_treeIcSt4pairIKcbESt10_Select1stIS2_ESt4lessIcESaIS2_EE17_M_construct_nodeIJRKS2_EEEvPSt13_Rb_tree_nodeIS2_EDpOT_:
      448:  592:	_M_construct_node(_Link_type __node, _Args&&... __args)
        -:  593:	{
        -:  594:	  __try
        -:  595:	    {
      448:  596:	      ::new(__node) _Rb_tree_node<_Val>;
      448:  597:	      _Alloc_traits::construct(_M_get_Node_allocator(),
        -:  598:				       __node->_M_valptr(),
        -:  599:				       std::forward<_Args>(__args)...);
        -:  600:	    }
        -:  601:	  __catch(...)
        -:  602:	    {
        -:  603:	      __node->~_Rb_tree_node<_Val>();
        -:  604:	      _M_put_node(__node);
        -:  605:	      __throw_exception_again;
        -:  606:	    }
      448:  607:	}
------------------
_ZNSt8_Rb_treeIccSt9_IdentityIcESt4lessIcESaIcEE17_M_construct_nodeIJRKcEEEvPSt13_Rb_tree_nodeIcEDpOT_:
       44:  592:	_M_construct_node(_Link_type __node, _Args&&... __args)
        -:  593:	{
        -:  594:	  __try
        -:  595:	    {
       44:  596:	      ::new(__node) _Rb_tree_node<_Val>;
       44:  597:	      _Alloc_traits::construct(_M_get_Node_allocator(),
        -:  598:				       __node->_M_valptr(),
        -:  599:				       std::forward<_Args>(__args)...);
        -:  600:	    }
        -:  601:	  __catch(...)
        -:  602:	    {
        -:  603:	      __node->~_Rb_tree_node<_Val>();
        -:  604:	      _M_put_node(__node);
        -:  605:	      __throw_exception_again;
        -:  606:	    }
       44:  607:	}
------------------
_ZNSt8_Rb_treeIcSt4pairIKcbESt10_Select1stIS2_ESt4lessIcESaIS2_EE17_M_construct_nodeIJRKSt21piecewise_construct_tSt5tupleIJRS1_EESD_IJEEEEEvPSt13_Rb_tree_nodeIS2_EDpOT_:
      448:  592:	_M_construct_node(_Link_type __node, _Args&&... __args)
        -:  593:	{
        -:  594:	  __try
        -:  595:	    {
      448:  596:	      ::new(__node) _Rb_tree_node<_Val>;
      448:  597:	      _Alloc_traits::construct(_M_get_Node_allocator(),
        -:  598:				       __node->_M_valptr(),
        -:  599:				       std::forward<_Args>(__args)...);
        -:  600:	    }
    =====:  601:	  __catch(...)
        -:  602:	    {
    =====:  603:	      __node->~_Rb_tree_node<_Val>();
    =====:  604:	      _M_put_node(__node);
    =====:  605:	      __throw_exception_again;
        -:  606:	    }
      448:  607:	}
------------------
_ZNSt8_Rb_treeIcSt4pairIKcbESt10_Select1stIS2_ESt4lessIcESaIS2_EE17_M_construct_nodeIJRKSt21piecewise_construct_tSt5tupleIJRS1_EESD_IJEEEEEvPSt13_Rb_tree_nodeIS2_EDpOT_:
    #####:  592:	_M_construct_node(_Link_type __node, _Args&&... __args)
        -:  593:	{
        -:  594:	  __try
        -:  595:	    {
    #####:  596:	      ::new(__node) _Rb_tree_node<_Val>;
    #####:  597:	      _Alloc_traits::construct(_M_get_Node_allocator(),
        -:  598:				       __node->_M_valptr(),
        -:  599:				       std::forward<_Args>(__args)...);
        -:  600:	    }
    =====:  601:	  __catch(...)
        -:  602:	    {
    =====:  603:	      __node->~_Rb_tree_node<_Val>();
    =====:  604:	      _M_put_node(__node);
    =====:  605:	      __throw_exception_again;
        -:  606:	    }
    #####:  607:	}
------------------
_ZNSt8_Rb_treeI9ImplicantS0_St9_IdentityIS0_ESt4lessIS0_ESaIS0_EE17_M_construct_nodeIJRKS0_EEEvPSt13_Rb_tree_nodeIS0_EDpOT_:
       38:  592:	_M_construct_node(_Link_type __node, _Args&&... __args)
        -:  593:	{
        -:  594:	  __try
        -:  595:	    {
       38:  596:	      ::new(__node) _Rb_tree_node<_Val>;
       38:  597:	      _Alloc_traits::construct(_M_get_Node_allocator(),
        -:  598:				       __node->_M_valptr(),
        -:  599:				       std::forward<_Args>(__args)...);
        -:  600:	    }
    =====:  601:	  __catch(...)
        -:  602:	    {
    =====:  603:	      __node->~_Rb_tree_node<_Val>();
    =====:  604:	      _M_put_node(__node);
    =====:  605:	      __throw_exception_again;
        -:  606:	    }
       38:  607:	}
------------------
        -:  608:
        -:  609:      template<typename... _Args>
        -:  610:	_Link_type
     966*:  611:	_M_create_node(_Args&&... __args)
        -:  612:	{
     966*:  613:	  _Link_type __tmp = _M_get_node();
     966*:  614:	  _M_construct_node(__tmp, std::forward<_Args>(__args)...);
     966*:  615:	  return __tmp;
        -:  616:	}
------------------
_ZNSt8_Rb_treeIcSt4pairIKcbESt10_Select1stIS2_ESt4lessIcESaIS2_EE14_M_create_nodeIJRKS2_EEEPSt13_Rb_tree_nodeIS2_EDpOT_:
      448:  611:	_M_create_node(_Args&&... __args)
        -:  612:	{
      448:  613:	  _Link_type __tmp = _M_get_node();
      448:  614:	  _M_construct_node(__tmp, std::forward<_Args>(__args)...);
      448:  615:	  return __tmp;
        -:  616:	}
------------------
_ZNSt8_Rb_treeIccSt9_IdentityIcESt4lessIcESaIcEE14_M_create_nodeIJRKcEEEPSt13_Rb_tree_nodeIcEDpOT_:
       44:  611:	_M_create_node(_Args&&... __args)
        -:  612:	{
       44:  613:	  _Link_type __tmp = _M_get_node();
       44:  614:	  _M_construct_node(__tmp, std::forward<_Args>(__args)...);
       44:  615:	  return __tmp;
        -:  616:	}
------------------
_ZNSt8_Rb_treeIcSt4pairIKcbESt10_Select1stIS2_ESt4lessIcESaIS2_EE14_M_create_nodeIJRKSt21piecewise_construct_tSt5tupleIJRS1_EESD_IJEEEEEPSt13_Rb_tree_nodeIS2_EDpOT_:
      448:  611:	_M_create_node(_Args&&... __args)
        -:  612:	{
      448:  613:	  _Link_type __tmp = _M_get_node();
      448:  614:	  _M_construct_node(__tmp, std::forward<_Args>(__args)...);
      448:  615:	  return __tmp;
        -:  616:	}
------------------
_ZNSt8_Rb_treeIcSt4pairIKcbESt10_Select1stIS2_ESt4lessIcESaIS2_EE14_M_create_nodeIJRKSt21piecewise_construct_tSt5tupleIJRS1_EESD_IJEEEEEPSt13_Rb_tree_nodeIS2_EDpOT_:
    #####:  611:	_M_create_node(_Args&&... __args)
        -:  612:	{
    #####:  613:	  _Link_type __tmp = _M_get_node();
    #####:  614:	  _M_construct_node(__tmp, std::forward<_Args>(__args)...);
    #####:  615:	  return __tmp;
        -:  616:	}
------------------
_ZNSt8_Rb_treeI9ImplicantS0_St9_IdentityIS0_ESt4lessIS0_ESaIS0_EE14_M_create_nodeIJRKS0_EEEPSt13_Rb_tree_nodeIS0_EDpOT_:
       26:  611:	_M_create_node(_Args&&... __args)
        -:  612:	{
       26:  613:	  _Link_type __tmp = _M_get_node();
       26:  614:	  _M_construct_node(__tmp, std::forward<_Args>(__args)...);
       26:  615:	  return __tmp;
        -:  616:	}
------------------
        -:  617:#endif
        -:  618:
        -:  619:      void
     978*:  620:      _M_destroy_node(_Link_type __p) _GLIBCXX_NOEXCEPT
        -:  621:      {
        -:  622:#if __cplusplus < 201103L
        -:  623:	get_allocator().destroy(__p->_M_valptr());
        -:  624:#else
     978*:  625:	_Alloc_traits::destroy(_M_get_Node_allocator(), __p->_M_valptr());
     978*:  626:	__p->~_Rb_tree_node<_Val>();
        -:  627:#endif
     978*:  628:      }
------------------
_ZNSt8_Rb_treeIcSt4pairIKcbESt10_Select1stIS2_ESt4lessIcESaIS2_EE15_M_destroy_nodeEPSt13_Rb_tree_nodeIS2_E:
      896:  620:      _M_destroy_node(_Link_type __p) _GLIBCXX_NOEXCEPT
        -:  621:      {
        -:  622:#if __cplusplus < 201103L
        -:  623:	get_allocator().destroy(__p->_M_valptr());
        -:  624:#else
      896:  625:	_Alloc_traits::destroy(_M_get_Node_allocator(), __p->_M_valptr());
      896:  626:	__p->~_Rb_tree_node<_Val>();
        -:  627:#endif
      896:  628:      }
------------------
_ZNSt8_Rb_treeIccSt9_IdentityIcESt4lessIcESaIcEE15_M_destroy_nodeEPSt13_Rb_tree_nodeIcE:
       44:  620:      _M_destroy_node(_Link_type __p) _GLIBCXX_NOEXCEPT
        -:  621:      {
        -:  622:#if __cplusplus < 201103L
        -:  623:	get_allocator().destroy(__p->_M_valptr());
        -:  624:#else
       44:  625:	_Alloc_traits::destroy(_M_get_Node_allocator(), __p->_M_valptr());
       44:  626:	__p->~_Rb_tree_node<_Val>();
        -:  627:#endif
       44:  628:      }
------------------
_ZNSt8_Rb_treeIcSt4pairIKcbESt10_Select1stIS2_ESt4lessIcESaIS2_EE15_M_destroy_nodeEPSt13_Rb_tree_nodeIS2_E:
    #####:  620:      _M_destroy_node(_Link_type __p) _GLIBCXX_NOEXCEPT
        -:  621:      {
        -:  622:#if __cplusplus < 201103L
        -:  623:	get_allocator().destroy(__p->_M_valptr());
        -:  624:#else
    #####:  625:	_Alloc_traits::destroy(_M_get_Node_allocator(), __p->_M_valptr());
    #####:  626:	__p->~_Rb_tree_node<_Val>();
        -:  627:#endif
    #####:  628:      }
------------------
_ZNSt8_Rb_treeI9ImplicantS0_St9_IdentityIS0_ESt4lessIS0_ESaIS0_EE15_M_destroy_nodeEPSt13_Rb_tree_nodeIS0_E:
       38:  620:      _M_destroy_node(_Link_type __p) _GLIBCXX_NOEXCEPT
        -:  621:      {
        -:  622:#if __cplusplus < 201103L
        -:  623:	get_allocator().destroy(__p->_M_valptr());
        -:  624:#else
       38:  625:	_Alloc_traits::destroy(_M_get_Node_allocator(), __p->_M_valptr());
       38:  626:	__p->~_Rb_tree_node<_Val>();
        -:  627:#endif
       38:  628:      }
------------------
        -:  629:
        -:  630:      void
     966*:  631:      _M_drop_node(_Link_type __p) _GLIBCXX_NOEXCEPT
        -:  632:      {
     966*:  633:	_M_destroy_node(__p);
     966*:  634:	_M_put_node(__p);
     966*:  635:      }
------------------
_ZNSt8_Rb_treeIcSt4pairIKcbESt10_Select1stIS2_ESt4lessIcESaIS2_EE12_M_drop_nodeEPSt13_Rb_tree_nodeIS2_E:
      896:  631:      _M_drop_node(_Link_type __p) _GLIBCXX_NOEXCEPT
        -:  632:      {
      896:  633:	_M_destroy_node(__p);
      896:  634:	_M_put_node(__p);
      896:  635:      }
------------------
_ZNSt8_Rb_treeIccSt9_IdentityIcESt4lessIcESaIcEE12_M_drop_nodeEPSt13_Rb_tree_nodeIcE:
       44:  631:      _M_drop_node(_Link_type __p) _GLIBCXX_NOEXCEPT
        -:  632:      {
       44:  633:	_M_destroy_node(__p);
       44:  634:	_M_put_node(__p);
       44:  635:      }
------------------
_ZNSt8_Rb_treeIcSt4pairIKcbESt10_Select1stIS2_ESt4lessIcESaIS2_EE12_M_drop_nodeEPSt13_Rb_tree_nodeIS2_E:
    #####:  631:      _M_drop_node(_Link_type __p) _GLIBCXX_NOEXCEPT
        -:  632:      {
    #####:  633:	_M_destroy_node(__p);
    #####:  634:	_M_put_node(__p);
    #####:  635:      }
------------------
_ZNSt8_Rb_treeI9ImplicantS0_St9_IdentityIS0_ESt4lessIS0_ESaIS0_EE12_M_drop_nodeEPSt13_Rb_tree_nodeIS0_E:
       26:  631:      _M_drop_node(_Link_type __p) _GLIBCXX_NOEXCEPT
        -:  632:      {
       26:  633:	_M_destroy_node(__p);
       26:  634:	_M_put_node(__p);
       26:  635:      }
------------------
        -:  636:
        -:  637:      template<bool _MoveValue, typename _NodeGen>
        -:  638:	_Link_type
      460:  639:	_M_clone_node(_Link_type __x, _NodeGen& __node_gen)
        -:  640:	{
        -:  641:#if __cplusplus >= 201103L
        -:  642:	  using _Vp = __conditional_t<_MoveValue,
        -:  643:				      value_type&&,
        -:  644:				      const value_type&>;
        -:  645:#endif
        -:  646:	  _Link_type __tmp
      460:  647:	    = __node_gen(_GLIBCXX_FORWARD(_Vp, *__x->_M_valptr()));
      460:  648:	  __tmp->_M_color = __x->_M_color;
      460:  649:	  __tmp->_M_left = 0;
      460:  650:	  __tmp->_M_right = 0;
      460:  651:	  return __tmp;
        -:  652:	}
------------------
_ZNSt8_Rb_treeIcSt4pairIKcbESt10_Select1stIS2_ESt4lessIcESaIS2_EE13_M_clone_nodeILb0ENS8_11_Alloc_nodeEEEPSt13_Rb_tree_nodeIS2_ESD_RT0_:
      448:  639:	_M_clone_node(_Link_type __x, _NodeGen& __node_gen)
        -:  640:	{
        -:  641:#if __cplusplus >= 201103L
        -:  642:	  using _Vp = __conditional_t<_MoveValue,
        -:  643:				      value_type&&,
        -:  644:				      const value_type&>;
        -:  645:#endif
        -:  646:	  _Link_type __tmp
      448:  647:	    = __node_gen(_GLIBCXX_FORWARD(_Vp, *__x->_M_valptr()));
      448:  648:	  __tmp->_M_color = __x->_M_color;
      448:  649:	  __tmp->_M_left = 0;
      448:  650:	  __tmp->_M_right = 0;
      448:  651:	  return __tmp;
        -:  652:	}
------------------
_ZNSt8_Rb_treeI9ImplicantS0_St9_IdentityIS0_ESt4lessIS0_ESaIS0_EE13_M_clone_nodeILb0ENS6_20_Reuse_or_alloc_nodeEEEPSt13_Rb_tree_nodeIS0_ESB_RT0_:
       12:  639:	_M_clone_node(_Link_type __x, _NodeGen& __node_gen)
        -:  640:	{
        -:  641:#if __cplusplus >= 201103L
        -:  642:	  using _Vp = __conditional_t<_MoveValue,
        -:  643:				      value_type&&,
        -:  644:				      const value_type&>;
        -:  645:#endif
        -:  646:	  _Link_type __tmp
       12:  647:	    = __node_gen(_GLIBCXX_FORWARD(_Vp, *__x->_M_valptr()));
       12:  648:	  __tmp->_M_color = __x->_M_color;
       12:  649:	  __tmp->_M_left = 0;
       12:  650:	  __tmp->_M_right = 0;
       12:  651:	  return __tmp;
        -:  652:	}
------------------
        -:  653:
        -:  654:    protected:
        -:  655:#if _GLIBCXX_INLINE_VERSION
        -:  656:      template<typename _Key_compare>
        -:  657:#else
        -:  658:      // Unused _Is_pod_comparator is kept as it is part of mangled name.
        -:  659:      template<typename _Key_compare,
        -:  660:	       bool /* _Is_pod_comparator */ = __is_pod(_Key_compare)>
        -:  661:#endif
        -:  662:	struct _Rb_tree_impl
        -:  663:	: public _Node_allocator
        -:  664:	, public _Rb_tree_key_compare<_Key_compare>
        -:  665:	, public _Rb_tree_header
        -:  666:	{
        -:  667:	  typedef _Rb_tree_key_compare<_Key_compare> _Base_key_compare;
        -:  668:
      158:  669:	  _Rb_tree_impl()
        -:  670:	    _GLIBCXX_NOEXCEPT_IF(
        -:  671:		is_nothrow_default_constructible<_Node_allocator>::value
        -:  672:		&& is_nothrow_default_constructible<_Base_key_compare>::value )
      158:  673:	  : _Node_allocator()
      158:  674:	  { }
------------------
_ZNSt8_Rb_treeIcSt4pairIKcbESt10_Select1stIS2_ESt4lessIcESaIS2_EE13_Rb_tree_implIS6_Lb1EEC2Ev:
      132:  669:	  _Rb_tree_impl()
        -:  670:	    _GLIBCXX_NOEXCEPT_IF(
        -:  671:		is_nothrow_default_constructible<_Node_allocator>::value
        -:  672:		&& is_nothrow_default_constructible<_Base_key_compare>::value )
      132:  673:	  : _Node_allocator()
      132:  674:	  { }
------------------
_ZNSt8_Rb_treeIccSt9_IdentityIcESt4lessIcESaIcEE13_Rb_tree_implIS3_Lb1EEC2Ev:
       16:  669:	  _Rb_tree_impl()
        -:  670:	    _GLIBCXX_NOEXCEPT_IF(
        -:  671:		is_nothrow_default_constructible<_Node_allocator>::value
        -:  672:		&& is_nothrow_default_constructible<_Base_key_compare>::value )
       16:  673:	  : _Node_allocator()
       16:  674:	  { }
------------------
_ZNSt8_Rb_treeI9ImplicantS0_St9_IdentityIS0_ESt4lessIS0_ESaIS0_EE13_Rb_tree_implIS4_Lb1EEC2Ev:
       10:  669:	  _Rb_tree_impl()
        -:  670:	    _GLIBCXX_NOEXCEPT_IF(
        -:  671:		is_nothrow_default_constructible<_Node_allocator>::value
        -:  672:		&& is_nothrow_default_constructible<_Base_key_compare>::value )
       10:  673:	  : _Node_allocator()
       10:  674:	  { }
------------------
        -:  675:
      132:  676:	  _Rb_tree_impl(const _Rb_tree_impl& __x)
        -:  677:	  : _Node_allocator(_Alloc_traits::_S_select_on_copy(__x))
      132:  678:	  , _Base_key_compare(__x._M_key_compare)
      132:  679:	  , _Rb_tree_header()
      132:  680:	  { }
        -:  681:
        -:  682:#if __cplusplus < 201103L
        -:  683:	  _Rb_tree_impl(const _Key_compare& __comp, const _Node_allocator& __a)
        -:  684:	  : _Node_allocator(__a), _Base_key_compare(__comp)
        -:  685:	  { }
        -:  686:#else
      322:  687:	  _Rb_tree_impl(_Rb_tree_impl&&)
        -:  688:	    noexcept( is_nothrow_move_constructible<_Base_key_compare>::value )
        -:  689:	  = default;
        -:  690:
        -:  691:	  explicit
        -:  692:	  _Rb_tree_impl(_Node_allocator&& __a)
        -:  693:	  : _Node_allocator(std::move(__a))
        -:  694:	  { }
        -:  695:
        -:  696:	  _Rb_tree_impl(_Rb_tree_impl&& __x, _Node_allocator&& __a)
        -:  697:	  : _Node_allocator(std::move(__a)),
        -:  698:	    _Base_key_compare(std::move(__x)),
        -:  699:	    _Rb_tree_header(std::move(__x))
        -:  700:	  { }
        -:  701:
        -:  702:	  _Rb_tree_impl(const _Key_compare& __comp, _Node_allocator&& __a)
        -:  703:	  : _Node_allocator(std::move(__a)), _Base_key_compare(__comp)
        -:  704:	  { }
        -:  705:#endif
        -:  706:	};
        -:  707:
        -:  708:      _Rb_tree_impl<_Compare> _M_impl;
        -:  709:
        -:  710:    protected:
        -:  711:      _Base_ptr&
      142:  712:      _M_root() _GLIBCXX_NOEXCEPT
      142:  713:      { return this->_M_impl._M_header._M_parent; }
------------------
_ZNSt8_Rb_treeIcSt4pairIKcbESt10_Select1stIS2_ESt4lessIcESaIS2_EE7_M_rootEv:
      132:  712:      _M_root() _GLIBCXX_NOEXCEPT
      132:  713:      { return this->_M_impl._M_header._M_parent; }
------------------
_ZNSt8_Rb_treeI9ImplicantS0_St9_IdentityIS0_ESt4lessIS0_ESaIS0_EE7_M_rootEv:
       10:  712:      _M_root() _GLIBCXX_NOEXCEPT
       10:  713:      { return this->_M_impl._M_header._M_parent; }
------------------
        -:  714:
        -:  715:      _Const_Base_ptr
      138:  716:      _M_root() const _GLIBCXX_NOEXCEPT
      138:  717:      { return this->_M_impl._M_header._M_parent; }
------------------
_ZNKSt8_Rb_treeIcSt4pairIKcbESt10_Select1stIS2_ESt4lessIcESaIS2_EE7_M_rootEv:
      132:  716:      _M_root() const _GLIBCXX_NOEXCEPT
      132:  717:      { return this->_M_impl._M_header._M_parent; }
------------------
_ZNKSt8_Rb_treeI9ImplicantS0_St9_IdentityIS0_ESt4lessIS0_ESaIS0_EE7_M_rootEv:
        6:  716:      _M_root() const _GLIBCXX_NOEXCEPT
        6:  717:      { return this->_M_impl._M_header._M_parent; }
------------------
        -:  718:
        -:  719:      _Base_ptr&
     136*:  720:      _M_leftmost() _GLIBCXX_NOEXCEPT
     136*:  721:      { return this->_M_impl._M_header._M_left; }
------------------
_ZNSt8_Rb_treeIcSt4pairIKcbESt10_Select1stIS2_ESt4lessIcESaIS2_EE11_M_leftmostEv:
      132:  720:      _M_leftmost() _GLIBCXX_NOEXCEPT
      132:  721:      { return this->_M_impl._M_header._M_left; }
------------------
_ZNSt8_Rb_treeIcSt4pairIKcbESt10_Select1stIS2_ESt4lessIcESaIS2_EE11_M_leftmostEv:
    #####:  720:      _M_leftmost() _GLIBCXX_NOEXCEPT
    #####:  721:      { return this->_M_impl._M_header._M_left; }
------------------
_ZNSt8_Rb_treeI9ImplicantS0_St9_IdentityIS0_ESt4lessIS0_ESaIS0_EE11_M_leftmostEv:
        4:  720:      _M_leftmost() _GLIBCXX_NOEXCEPT
        4:  721:      { return this->_M_impl._M_header._M_left; }
------------------
        -:  722:
        -:  723:      _Const_Base_ptr
        -:  724:      _M_leftmost() const _GLIBCXX_NOEXCEPT
        -:  725:      { return this->_M_impl._M_header._M_left; }
        -:  726:
        -:  727:      _Base_ptr&
     774*:  728:      _M_rightmost() _GLIBCXX_NOEXCEPT
     774*:  729:      { return this->_M_impl._M_header._M_right; }
------------------
_ZNSt8_Rb_treeIcSt4pairIKcbESt10_Select1stIS2_ESt4lessIcESaIS2_EE12_M_rightmostEv:
      764:  728:      _M_rightmost() _GLIBCXX_NOEXCEPT
      764:  729:      { return this->_M_impl._M_header._M_right; }
------------------
_ZNSt8_Rb_treeIcSt4pairIKcbESt10_Select1stIS2_ESt4lessIcESaIS2_EE12_M_rightmostEv:
    #####:  728:      _M_rightmost() _GLIBCXX_NOEXCEPT
    #####:  729:      { return this->_M_impl._M_header._M_right; }
------------------
_ZNSt8_Rb_treeI9ImplicantS0_St9_IdentityIS0_ESt4lessIS0_ESaIS0_EE12_M_rightmostEv:
       10:  728:      _M_rightmost() _GLIBCXX_NOEXCEPT
       10:  729:      { return this->_M_impl._M_header._M_right; }
------------------
        -:  730:
        -:  731:      _Const_Base_ptr
        -:  732:      _M_rightmost() const _GLIBCXX_NOEXCEPT
        -:  733:      { return this->_M_impl._M_header._M_right; }
        -:  734:
        -:  735:      _Link_type
    1687*:  736:      _M_mbegin() const _GLIBCXX_NOEXCEPT
    1687*:  737:      { return static_cast<_Link_type>(this->_M_impl._M_header._M_parent); }
------------------
_ZNKSt8_Rb_treeIcSt4pairIKcbESt10_Select1stIS2_ESt4lessIcESaIS2_EE9_M_mbeginEv:
     1585:  736:      _M_mbegin() const _GLIBCXX_NOEXCEPT
     1585:  737:      { return static_cast<_Link_type>(this->_M_impl._M_header._M_parent); }
------------------
_ZNKSt8_Rb_treeIccSt9_IdentityIcESt4lessIcESaIcEE9_M_mbeginEv:
       60:  736:      _M_mbegin() const _GLIBCXX_NOEXCEPT
       60:  737:      { return static_cast<_Link_type>(this->_M_impl._M_header._M_parent); }
------------------
_ZNKSt8_Rb_treeIcSt4pairIKcbESt10_Select1stIS2_ESt4lessIcESaIS2_EE9_M_mbeginEv:
    #####:  736:      _M_mbegin() const _GLIBCXX_NOEXCEPT
    #####:  737:      { return static_cast<_Link_type>(this->_M_impl._M_header._M_parent); }
------------------
_ZNKSt8_Rb_treeI9ImplicantS0_St9_IdentityIS0_ESt4lessIS0_ESaIS0_EE9_M_mbeginEv:
       42:  736:      _M_mbegin() const _GLIBCXX_NOEXCEPT
       42:  737:      { return static_cast<_Link_type>(this->_M_impl._M_header._M_parent); }
------------------
        -:  738:
        -:  739:      _Link_type
    1551*:  740:      _M_begin() _GLIBCXX_NOEXCEPT
    1551*:  741:      { return _M_mbegin(); }
------------------
_ZNSt8_Rb_treeIcSt4pairIKcbESt10_Select1stIS2_ESt4lessIcESaIS2_EE8_M_beginEv:
     1453:  740:      _M_begin() _GLIBCXX_NOEXCEPT
     1453:  741:      { return _M_mbegin(); }
------------------
_ZNSt8_Rb_treeIccSt9_IdentityIcESt4lessIcESaIcEE8_M_beginEv:
       60:  740:      _M_begin() _GLIBCXX_NOEXCEPT
       60:  741:      { return _M_mbegin(); }
------------------
_ZNSt8_Rb_treeIcSt4pairIKcbESt10_Select1stIS2_ESt4lessIcESaIS2_EE8_M_beginEv:
    #####:  740:      _M_begin() _GLIBCXX_NOEXCEPT
    #####:  741:      { return _M_mbegin(); }
------------------
_ZNSt8_Rb_treeI9ImplicantS0_St9_IdentityIS0_ESt4lessIS0_ESaIS0_EE8_M_beginEv:
       38:  740:      _M_begin() _GLIBCXX_NOEXCEPT
       38:  741:      { return _M_mbegin(); }
------------------
        -:  742:
        -:  743:      _Const_Link_type
      232:  744:      _M_begin() const _GLIBCXX_NOEXCEPT
        -:  745:      {
        -:  746:	return static_cast<_Const_Link_type>
      232:  747:	  (this->_M_impl._M_header._M_parent);
        -:  748:      }
        -:  749:
        -:  750:      _Base_ptr
    2202*:  751:      _M_end() _GLIBCXX_NOEXCEPT
    2202*:  752:      { return &this->_M_impl._M_header; }
------------------
_ZNSt8_Rb_treeIcSt4pairIKcbESt10_Select1stIS2_ESt4lessIcESaIS2_EE6_M_endEv:
     2056:  751:      _M_end() _GLIBCXX_NOEXCEPT
     2056:  752:      { return &this->_M_impl._M_header; }
------------------
_ZNSt8_Rb_treeIccSt9_IdentityIcESt4lessIcESaIcEE6_M_endEv:
       88:  751:      _M_end() _GLIBCXX_NOEXCEPT
       88:  752:      { return &this->_M_impl._M_header; }
------------------
_ZNSt8_Rb_treeIcSt4pairIKcbESt10_Select1stIS2_ESt4lessIcESaIS2_EE6_M_endEv:
    #####:  751:      _M_end() _GLIBCXX_NOEXCEPT
    #####:  752:      { return &this->_M_impl._M_header; }
------------------
_ZNSt8_Rb_treeI9ImplicantS0_St9_IdentityIS0_ESt4lessIS0_ESaIS0_EE6_M_endEv:
       58:  751:      _M_end() _GLIBCXX_NOEXCEPT
       58:  752:      { return &this->_M_impl._M_header; }
------------------
        -:  753:
        -:  754:      _Const_Base_ptr
      232:  755:      _M_end() const _GLIBCXX_NOEXCEPT
      232:  756:      { return &this->_M_impl._M_header; }
        -:  757:
        -:  758:      static const _Key&
    3628*:  759:      _S_key(_Const_Link_type __x)
        -:  760:      {
        -:  761:#if __cplusplus >= 201103L
        -:  762:	// If we're asking for the key we're presumably using the comparison
        -:  763:	// object, and so this is a good place to sanity check it.
        -:  764:	static_assert(__is_invocable<_Compare&, const _Key&, const _Key&>{},
        -:  765:		      "comparison object must be invocable "
        -:  766:		      "with two arguments of key type");
        -:  767:# if __cplusplus >= 201703L
        -:  768:	// _GLIBCXX_RESOLVE_LIB_DEFECTS
        -:  769:	// 2542. Missing const requirements for associative containers
        -:  770:	if constexpr (__is_invocable<_Compare&, const _Key&, const _Key&>{})
        -:  771:	  static_assert(
        -:  772:	      is_invocable_v<const _Compare&, const _Key&, const _Key&>,
        -:  773:	      "comparison object must be invocable as const");
        -:  774:# endif // C++17
        -:  775:#endif // C++11
        -:  776:
    3628*:  777:	return _KeyOfValue()(*__x->_M_valptr());
        -:  778:      }
------------------
_ZNSt8_Rb_treeIcSt4pairIKcbESt10_Select1stIS2_ESt4lessIcESaIS2_EE6_S_keyEPKSt13_Rb_tree_nodeIS2_E:
     3456:  759:      _S_key(_Const_Link_type __x)
        -:  760:      {
        -:  761:#if __cplusplus >= 201103L
        -:  762:	// If we're asking for the key we're presumably using the comparison
        -:  763:	// object, and so this is a good place to sanity check it.
        -:  764:	static_assert(__is_invocable<_Compare&, const _Key&, const _Key&>{},
        -:  765:		      "comparison object must be invocable "
        -:  766:		      "with two arguments of key type");
        -:  767:# if __cplusplus >= 201703L
        -:  768:	// _GLIBCXX_RESOLVE_LIB_DEFECTS
        -:  769:	// 2542. Missing const requirements for associative containers
        -:  770:	if constexpr (__is_invocable<_Compare&, const _Key&, const _Key&>{})
        -:  771:	  static_assert(
        -:  772:	      is_invocable_v<const _Compare&, const _Key&, const _Key&>,
        -:  773:	      "comparison object must be invocable as const");
        -:  774:# endif // C++17
        -:  775:#endif // C++11
        -:  776:
     3456:  777:	return _KeyOfValue()(*__x->_M_valptr());
        -:  778:      }
------------------
_ZNSt8_Rb_treeIccSt9_IdentityIcESt4lessIcESaIcEE6_S_keyEPKSt13_Rb_tree_nodeIcE:
      102:  759:      _S_key(_Const_Link_type __x)
        -:  760:      {
        -:  761:#if __cplusplus >= 201103L
        -:  762:	// If we're asking for the key we're presumably using the comparison
        -:  763:	// object, and so this is a good place to sanity check it.
        -:  764:	static_assert(__is_invocable<_Compare&, const _Key&, const _Key&>{},
        -:  765:		      "comparison object must be invocable "
        -:  766:		      "with two arguments of key type");
        -:  767:# if __cplusplus >= 201703L
        -:  768:	// _GLIBCXX_RESOLVE_LIB_DEFECTS
        -:  769:	// 2542. Missing const requirements for associative containers
        -:  770:	if constexpr (__is_invocable<_Compare&, const _Key&, const _Key&>{})
        -:  771:	  static_assert(
        -:  772:	      is_invocable_v<const _Compare&, const _Key&, const _Key&>,
        -:  773:	      "comparison object must be invocable as const");
        -:  774:# endif // C++17
        -:  775:#endif // C++11
        -:  776:
      102:  777:	return _KeyOfValue()(*__x->_M_valptr());
        -:  778:      }
------------------
_ZNSt8_Rb_treeIcSt4pairIKcbESt10_Select1stIS2_ESt4lessIcESaIS2_EE6_S_keyEPKSt13_Rb_tree_nodeIS2_E:
    #####:  759:      _S_key(_Const_Link_type __x)
        -:  760:      {
        -:  761:#if __cplusplus >= 201103L
        -:  762:	// If we're asking for the key we're presumably using the comparison
        -:  763:	// object, and so this is a good place to sanity check it.
        -:  764:	static_assert(__is_invocable<_Compare&, const _Key&, const _Key&>{},
        -:  765:		      "comparison object must be invocable "
        -:  766:		      "with two arguments of key type");
        -:  767:# if __cplusplus >= 201703L
        -:  768:	// _GLIBCXX_RESOLVE_LIB_DEFECTS
        -:  769:	// 2542. Missing const requirements for associative containers
        -:  770:	if constexpr (__is_invocable<_Compare&, const _Key&, const _Key&>{})
        -:  771:	  static_assert(
        -:  772:	      is_invocable_v<const _Compare&, const _Key&, const _Key&>,
        -:  773:	      "comparison object must be invocable as const");
        -:  774:# endif // C++17
        -:  775:#endif // C++11
        -:  776:
    #####:  777:	return _KeyOfValue()(*__x->_M_valptr());
        -:  778:      }
------------------
_ZNSt8_Rb_treeIcSt4pairIKcbESt10_Select1stIS2_ESt4lessIcESaIS2_EE6_S_keyEPKSt13_Rb_tree_nodeIS2_E:
    #####:  759:      _S_key(_Const_Link_type __x)
        -:  760:      {
        -:  761:#if __cplusplus >= 201103L
        -:  762:	// If we're asking for the key we're presumably using the comparison
        -:  763:	// object, and so this is a good place to sanity check it.
        -:  764:	static_assert(__is_invocable<_Compare&, const _Key&, const _Key&>{},
        -:  765:		      "comparison object must be invocable "
        -:  766:		      "with two arguments of key type");
        -:  767:# if __cplusplus >= 201703L
        -:  768:	// _GLIBCXX_RESOLVE_LIB_DEFECTS
        -:  769:	// 2542. Missing const requirements for associative containers
        -:  770:	if constexpr (__is_invocable<_Compare&, const _Key&, const _Key&>{})
        -:  771:	  static_assert(
        -:  772:	      is_invocable_v<const _Compare&, const _Key&, const _Key&>,
        -:  773:	      "comparison object must be invocable as const");
        -:  774:# endif // C++17
        -:  775:#endif // C++11
        -:  776:
    #####:  777:	return _KeyOfValue()(*__x->_M_valptr());
        -:  778:      }
------------------
_ZNSt8_Rb_treeI9ImplicantS0_St9_IdentityIS0_ESt4lessIS0_ESaIS0_EE6_S_keyEPKSt13_Rb_tree_nodeIS0_E:
       70:  759:      _S_key(_Const_Link_type __x)
        -:  760:      {
        -:  761:#if __cplusplus >= 201103L
        -:  762:	// If we're asking for the key we're presumably using the comparison
        -:  763:	// object, and so this is a good place to sanity check it.
        -:  764:	static_assert(__is_invocable<_Compare&, const _Key&, const _Key&>{},
        -:  765:		      "comparison object must be invocable "
        -:  766:		      "with two arguments of key type");
        -:  767:# if __cplusplus >= 201703L
        -:  768:	// _GLIBCXX_RESOLVE_LIB_DEFECTS
        -:  769:	// 2542. Missing const requirements for associative containers
        -:  770:	if constexpr (__is_invocable<_Compare&, const _Key&, const _Key&>{})
        -:  771:	  static_assert(
        -:  772:	      is_invocable_v<const _Compare&, const _Key&, const _Key&>,
        -:  773:	      "comparison object must be invocable as const");
        -:  774:# endif // C++17
        -:  775:#endif // C++11
        -:  776:
       70:  777:	return _KeyOfValue()(*__x->_M_valptr());
        -:  778:      }
------------------
        -:  779:
        -:  780:      static _Link_type
    2032*:  781:      _S_left(_Base_ptr __x) _GLIBCXX_NOEXCEPT
    2032*:  782:      { return static_cast<_Link_type>(__x->_M_left); }
------------------
_ZNSt8_Rb_treeIcSt4pairIKcbESt10_Select1stIS2_ESt4lessIcESaIS2_EE7_S_leftEPSt18_Rb_tree_node_base:
     1944:  781:      _S_left(_Base_ptr __x) _GLIBCXX_NOEXCEPT
     1944:  782:      { return static_cast<_Link_type>(__x->_M_left); }
------------------
_ZNSt8_Rb_treeIccSt9_IdentityIcESt4lessIcESaIcEE7_S_leftEPSt18_Rb_tree_node_base:
       44:  781:      _S_left(_Base_ptr __x) _GLIBCXX_NOEXCEPT
       44:  782:      { return static_cast<_Link_type>(__x->_M_left); }
------------------
_ZNSt8_Rb_treeIcSt4pairIKcbESt10_Select1stIS2_ESt4lessIcESaIS2_EE7_S_leftEPSt18_Rb_tree_node_base:
    #####:  781:      _S_left(_Base_ptr __x) _GLIBCXX_NOEXCEPT
    #####:  782:      { return static_cast<_Link_type>(__x->_M_left); }
------------------
_ZNSt8_Rb_treeI9ImplicantS0_St9_IdentityIS0_ESt4lessIS0_ESaIS0_EE7_S_leftEPSt18_Rb_tree_node_base:
       44:  781:      _S_left(_Base_ptr __x) _GLIBCXX_NOEXCEPT
       44:  782:      { return static_cast<_Link_type>(__x->_M_left); }
------------------
        -:  783:
        -:  784:      static _Const_Link_type
      312:  785:      _S_left(_Const_Base_ptr __x) _GLIBCXX_NOEXCEPT
      312:  786:      { return static_cast<_Const_Link_type>(__x->_M_left); }
        -:  787:
        -:  788:      static _Link_type
    2120*:  789:      _S_right(_Base_ptr __x) _GLIBCXX_NOEXCEPT
    2120*:  790:      { return static_cast<_Link_type>(__x->_M_right); }
------------------
_ZNSt8_Rb_treeIcSt4pairIKcbESt10_Select1stIS2_ESt4lessIcESaIS2_EE8_S_rightEPSt18_Rb_tree_node_base:
     1972:  789:      _S_right(_Base_ptr __x) _GLIBCXX_NOEXCEPT
     1972:  790:      { return static_cast<_Link_type>(__x->_M_right); }
------------------
_ZNSt8_Rb_treeIccSt9_IdentityIcESt4lessIcESaIcEE8_S_rightEPSt18_Rb_tree_node_base:
       88:  789:      _S_right(_Base_ptr __x) _GLIBCXX_NOEXCEPT
       88:  790:      { return static_cast<_Link_type>(__x->_M_right); }
------------------
_ZNSt8_Rb_treeIcSt4pairIKcbESt10_Select1stIS2_ESt4lessIcESaIS2_EE8_S_rightEPSt18_Rb_tree_node_base:
    #####:  789:      _S_right(_Base_ptr __x) _GLIBCXX_NOEXCEPT
    #####:  790:      { return static_cast<_Link_type>(__x->_M_right); }
------------------
_ZNSt8_Rb_treeI9ImplicantS0_St9_IdentityIS0_ESt4lessIS0_ESaIS0_EE8_S_rightEPSt18_Rb_tree_node_base:
       60:  789:      _S_right(_Base_ptr __x) _GLIBCXX_NOEXCEPT
       60:  790:      { return static_cast<_Link_type>(__x->_M_right); }
------------------
        -:  791:
        -:  792:      static _Const_Link_type
      236:  793:      _S_right(_Const_Base_ptr __x) _GLIBCXX_NOEXCEPT
      236:  794:      { return static_cast<_Const_Link_type>(__x->_M_right); }
        -:  795:
        -:  796:      static const _Key&
     724*:  797:      _S_key(_Const_Base_ptr __x)
     724*:  798:      { return _S_key(static_cast<_Const_Link_type>(__x)); }
------------------
_ZNSt8_Rb_treeIcSt4pairIKcbESt10_Select1stIS2_ESt4lessIcESaIS2_EE6_S_keyEPKSt18_Rb_tree_node_base:
      632:  797:      _S_key(_Const_Base_ptr __x)
      632:  798:      { return _S_key(static_cast<_Const_Link_type>(__x)); }
------------------
_ZNSt8_Rb_treeIccSt9_IdentityIcESt4lessIcESaIcEE6_S_keyEPKSt18_Rb_tree_node_base:
       58:  797:      _S_key(_Const_Base_ptr __x)
       58:  798:      { return _S_key(static_cast<_Const_Link_type>(__x)); }
------------------
_ZNSt8_Rb_treeIcSt4pairIKcbESt10_Select1stIS2_ESt4lessIcESaIS2_EE6_S_keyEPKSt18_Rb_tree_node_base:
    #####:  797:      _S_key(_Const_Base_ptr __x)
    #####:  798:      { return _S_key(static_cast<_Const_Link_type>(__x)); }
------------------
_ZNSt8_Rb_treeI9ImplicantS0_St9_IdentityIS0_ESt4lessIS0_ESaIS0_EE6_S_keyEPKSt18_Rb_tree_node_base:
       34:  797:      _S_key(_Const_Base_ptr __x)
       34:  798:      { return _S_key(static_cast<_Const_Link_type>(__x)); }
------------------
        -:  799:
        -:  800:      static _Base_ptr
      136:  801:      _S_minimum(_Base_ptr __x) _GLIBCXX_NOEXCEPT
      136:  802:      { return _Rb_tree_node_base::_S_minimum(__x); }
------------------
_ZNSt8_Rb_treeIcSt4pairIKcbESt10_Select1stIS2_ESt4lessIcESaIS2_EE10_S_minimumEPSt18_Rb_tree_node_base:
      132:  801:      _S_minimum(_Base_ptr __x) _GLIBCXX_NOEXCEPT
      132:  802:      { return _Rb_tree_node_base::_S_minimum(__x); }
------------------
_ZNSt8_Rb_treeI9ImplicantS0_St9_IdentityIS0_ESt4lessIS0_ESaIS0_EE10_S_minimumEPSt18_Rb_tree_node_base:
        4:  801:      _S_minimum(_Base_ptr __x) _GLIBCXX_NOEXCEPT
        4:  802:      { return _Rb_tree_node_base::_S_minimum(__x); }
------------------
        -:  803:
        -:  804:      static _Const_Base_ptr
        -:  805:      _S_minimum(_Const_Base_ptr __x) _GLIBCXX_NOEXCEPT
        -:  806:      { return _Rb_tree_node_base::_S_minimum(__x); }
        -:  807:
        -:  808:      static _Base_ptr
      136:  809:      _S_maximum(_Base_ptr __x) _GLIBCXX_NOEXCEPT
      136:  810:      { return _Rb_tree_node_base::_S_maximum(__x); }
------------------
_ZNSt8_Rb_treeIcSt4pairIKcbESt10_Select1stIS2_ESt4lessIcESaIS2_EE10_S_maximumEPSt18_Rb_tree_node_base:
      132:  809:      _S_maximum(_Base_ptr __x) _GLIBCXX_NOEXCEPT
      132:  810:      { return _Rb_tree_node_base::_S_maximum(__x); }
------------------
_ZNSt8_Rb_treeI9ImplicantS0_St9_IdentityIS0_ESt4lessIS0_ESaIS0_EE10_S_maximumEPSt18_Rb_tree_node_base:
        4:  809:      _S_maximum(_Base_ptr __x) _GLIBCXX_NOEXCEPT
        4:  810:      { return _Rb_tree_node_base::_S_maximum(__x); }
------------------
        -:  811:
        -:  812:      static _Const_Base_ptr
        -:  813:      _S_maximum(_Const_Base_ptr __x) _GLIBCXX_NOEXCEPT
        -:  814:      { return _Rb_tree_node_base::_S_maximum(__x); }
        -:  815:
        -:  816:    public:
        -:  817:      typedef _Rb_tree_iterator<value_type>       iterator;
        -:  818:      typedef _Rb_tree_const_iterator<value_type> const_iterator;
        -:  819:
        -:  820:      typedef std::reverse_iterator<iterator>       reverse_iterator;
        -:  821:      typedef std::reverse_iterator<const_iterator> const_reverse_iterator;
        -:  822:
        -:  823:#if __cplusplus > 201402L
        -:  824:      using node_type = _Node_handle<_Key, _Val, _Node_allocator>;
        -:  825:      using insert_return_type = _Node_insert_return<
        -:  826:	__conditional_t<is_same_v<_Key, _Val>, const_iterator, iterator>,
        -:  827:	node_type>;
        -:  828:#endif
        -:  829:
        -:  830:      pair<_Base_ptr, _Base_ptr>
        -:  831:      _M_get_insert_unique_pos(const key_type& __k);
        -:  832:
        -:  833:      pair<_Base_ptr, _Base_ptr>
        -:  834:      _M_get_insert_equal_pos(const key_type& __k);
        -:  835:
        -:  836:      pair<_Base_ptr, _Base_ptr>
        -:  837:      _M_get_insert_hint_unique_pos(const_iterator __pos,
        -:  838:				    const key_type& __k);
        -:  839:
        -:  840:      pair<_Base_ptr, _Base_ptr>
        -:  841:      _M_get_insert_hint_equal_pos(const_iterator __pos,
        -:  842:				   const key_type& __k);
        -:  843:
        -:  844:    private:
        -:  845:#if __cplusplus >= 201103L
        -:  846:      template<typename _Arg, typename _NodeGen>
        -:  847:	iterator
        -:  848:	_M_insert_(_Base_ptr __x, _Base_ptr __y, _Arg&& __v, _NodeGen&);
        -:  849:
[...]
        -: 2271:      _Rb_tree<_Key, _Val, _KeyOfValue, _Compare, _Alloc>::
        -: 2272:      _M_insert_unique_(const_iterator __position,
        -: 2273:#if __cplusplus >= 201103L
        -: 2274:			_Arg&& __v,
        -: 2275:#else
        -: 2276:			const _Val& __v,
        -: 2277:#endif
        -: 2278:			_NodeGen& __node_gen)
        -: 2279:    {
        -: 2280:      pair<_Base_ptr, _Base_ptr> __res
        -: 2281:	= _M_get_insert_hint_unique_pos(__position, _KeyOfValue()(__v));
        -: 2282:
        -: 2283:      if (__res.second)
        -: 2284:	return _M_insert_(__res.first, __res.second,
        -: 2285:			  _GLIBCXX_FORWARD(_Arg, __v),
        -: 2286:			  __node_gen);
        -: 2287:      return iterator(__res.first);
        -: 2288:    }
        -: 2289:
        -: 2290:  template<typename _Key, typename _Val, typename _KeyOfValue,
        -: 2291:	   typename _Compare, typename _Alloc>
        -: 2292:    pair<typename _Rb_tree<_Key, _Val, _KeyOfValue,
        -: 2293:			   _Compare, _Alloc>::_Base_ptr,
        -: 2294:	 typename _Rb_tree<_Key, _Val, _KeyOfValue,
        -: 2295:			   _Compare, _Alloc>::_Base_ptr>
        -: 2296:    _Rb_tree<_Key, _Val, _KeyOfValue, _Compare, _Alloc>::
        -: 2297:    _M_get_insert_hint_equal_pos(const_iterator __position, const key_type& __k)
        -: 2298:    {
        -: 2299:      iterator __pos = __position._M_const_cast();
        -: 2300:      typedef pair<_Base_ptr, _Base_ptr> _Res;
        -: 2301:
        -: 2302:      // end()
        -: 2303:      if (__pos._M_node == _M_end())
        -: 2304:	{
        -: 2305:	  if (size() > 0
        -: 2306:	      && !_M_impl._M_key_compare(__k, _S_key(_M_rightmost())))
        -: 2307:	    return _Res(0, _M_rightmost());
        -: 2308:	  else
        -: 2309:	    return _M_get_insert_equal_pos(__k);
        -: 2310:	}
        -: 2311:      else if (!_M_impl._M_key_compare(_S_key(__pos._M_node), __k))
        -: 2312:	{
        -: 2313:	  // First, try before...
        -: 2314:	  iterator __before = __pos;
        -: 2315:	  if (__pos._M_node == _M_leftmost()) // begin()
        -: 2316:	    return _Res(_M_leftmost(), _M_leftmost());
        -: 2317:	  else if (!_M_impl._M_key_compare(__k, _S_key((--__before)._M_node)))
        -: 2318:	    {
        -: 2319:	      if (_S_right(__before._M_node) == 0)
        -: 2320:		return _Res(0, __before._M_node);
        -: 2321:	      else
        -: 2322:		return _Res(__pos._M_node, __pos._M_node);
        -: 2323:	    }
        -: 2324:	  else
        -: 2325:	    return _M_get_insert_equal_pos(__k);
        -: 2326:	}
        -: 2327:      else
        -: 2328:	{
        -: 2329:	  // ... then try after.
        -: 2330:	  iterator __after = __pos;
        -: 2331:	  if (__pos._M_node == _M_rightmost())
        -: 2332:	    return _Res(0, _M_rightmost());
        -: 2333:	  else if (!_M_impl._M_key_compare(_S_key((++__after)._M_node), __k))
        -: 2334:	    {
        -: 2335:	      if (_S_right(__pos._M_node) == 0)
        -: 2336:		return _Res(0, __pos._M_node);
        -: 2337:	      else
        -: 2338:		return _Res(__after._M_node, __after._M_node);
        -: 2339:	    }
        -: 2340:	  else
        -: 2341:	    return _Res(0, 0);
        -: 2342:	}
        -: 2343:    }
        -: 2344:
        -: 2345:  template<typename _Key, typename _Val, typename _KeyOfValue,
        -: 2346:	   typename _Compare, typename _Alloc>
        -: 2347:#if __cplusplus >= 201103L
        -: 2348:    template<typename _Arg, typename _NodeGen>
        -: 2349:#else
        -: 2350:    template<typename _NodeGen>
        -: 2351:#endif
        -: 2352:      typename _Rb_tree<_Key, _Val, _KeyOfValue, _Compare, _Alloc>::iterator
        -: 2353:      _Rb_tree<_Key, _Val, _KeyOfValue, _Compare, _Alloc>::
        -: 2354:      _M_insert_equal_(const_iterator __position,
        -: 2355:#if __cplusplus >= 201103L
        -: 2356:		       _Arg&& __v,
        -: 2357:#else
        -: 2358:		       const _Val& __v,
        -: 2359:#endif
        -: 2360:		       _NodeGen& __node_gen)
        -: 2361:      {
        -: 2362:	pair<_Base_ptr, _Base_ptr> __res
        -: 2363:	  = _M_get_insert_hint_equal_pos(__position, _KeyOfValue()(__v));
        -: 2364:
        -: 2365:	if (__res.second)
        -: 2366:	  return _M_insert_(__res.first, __res.second,
        -: 2367:			    _GLIBCXX_FORWARD(_Arg, __v),
        -: 2368:			    __node_gen);
        -: 2369:
        -: 2370:	return _M_insert_equal_lower(_GLIBCXX_FORWARD(_Arg, __v));
        -: 2371:      }
        -: 2372:
        -: 2373:#if __cplusplus >= 201103L
        -: 2374:  template<typename _Key, typename _Val, typename _KeyOfValue,
        -: 2375:	   typename _Compare, typename _Alloc>
        -: 2376:    auto
     448*: 2377:    _Rb_tree<_Key, _Val, _KeyOfValue, _Compare, _Alloc>::
        -: 2378:    _M_insert_node(_Base_ptr __x, _Base_ptr __p, _Link_type __z)
        -: 2379:    -> iterator
        -: 2380:    {
     448*: 2381:      bool __insert_left = (__x != 0 || __p == _M_end()
     896*: 2382:			    || _M_impl._M_key_compare(_S_key(__z),
        -: 2383:						      _S_key(__p)));
        -: 2384:
     448*: 2385:      _Rb_tree_insert_and_rebalance(__insert_left, __z, __p,
     448*: 2386:				    this->_M_impl._M_header);
     448*: 2387:      ++_M_impl._M_node_count;
     448*: 2388:      return iterator(__z);
        -: 2389:    }
------------------
_ZNSt8_Rb_treeIcSt4pairIKcbESt10_Select1stIS2_ESt4lessIcESaIS2_EE14_M_insert_nodeEPSt18_Rb_tree_node_baseSA_PSt13_Rb_tree_nodeIS2_E:
      448: 2377:    _Rb_tree<_Key, _Val, _KeyOfValue, _Compare, _Alloc>::
        -: 2378:    _M_insert_node(_Base_ptr __x, _Base_ptr __p, _Link_type __z)
        -: 2379:    -> iterator
        -: 2380:    {
      448: 2381:      bool __insert_left = (__x != 0 || __p == _M_end()
      896: 2382:			    || _M_impl._M_key_compare(_S_key(__z),
        -: 2383:						      _S_key(__p)));
        -: 2384:
      448: 2385:      _Rb_tree_insert_and_rebalance(__insert_left, __z, __p,
      448: 2386:				    this->_M_impl._M_header);
      448: 2387:      ++_M_impl._M_node_count;
      448: 2388:      return iterator(__z);
        -: 2389:    }
------------------
_ZNSt8_Rb_treeIcSt4pairIKcbESt10_Select1stIS2_ESt4lessIcESaIS2_EE14_M_insert_nodeEPSt18_Rb_tree_node_baseSA_PSt13_Rb_tree_nodeIS2_E:
    #####: 2377:    _Rb_tree<_Key, _Val, _KeyOfValue, _Compare, _Alloc>::
        -: 2378:    _M_insert_node(_Base_ptr __x, _Base_ptr __p, _Link_type __z)
        -: 2379:    -> iterator
        -: 2380:    {
    #####: 2381:      bool __insert_left = (__x != 0 || __p == _M_end()
    #####: 2382:			    || _M_impl._M_key_compare(_S_key(__z),
        -: 2383:						      _S_key(__p)));
        -: 2384:
    #####: 2385:      _Rb_tree_insert_and_rebalance(__insert_left, __z, __p,
    #####: 2386:				    this->_M_impl._M_header);
    #####: 2387:      ++_M_impl._M_node_count;
    #####: 2388:      return iterator(__z);
        -: 2389:    }
------------------
        -: 2390:
        -: 2391:  template<typename _Key, typename _Val, typename _KeyOfValue,
        -: 2392:	   typename _Compare, typename _Alloc>
        -: 2393:    auto
        -: 2394:    _Rb_tree<_Key, _Val, _KeyOfValue, _Compare, _Alloc>::
        -: 2395:    _M_insert_lower_node(_Base_ptr __p, _Link_type __z)
        -: 2396:    -> iterator
        -: 2397:    {
        -: 2398:      bool __insert_left = (__p == _M_end()
        -: 2399:			    || !_M_impl._M_key_compare(_S_key(__p),
        -: 2400:						       _S_key(__z)));
        -: 2401:
        -: 2402:      _Rb_tree_insert_and_rebalance(__insert_left, __z, __p,
        -: 2403:				    this->_M_impl._M_header);
        -: 2404:      ++_M_impl._M_node_count;
        -: 2405:      return iterator(__z);
        -: 2406:    }
        -: 2407:
        -: 2408:  template<typename _Key, typename _Val, typename _KeyOfValue,
        -: 2409:	   typename _Compare, typename _Alloc>
        -: 2410:    auto
        -: 2411:    _Rb_tree<_Key, _Val, _KeyOfValue, _Compare, _Alloc>::
        -: 2412:    _M_insert_equal_lower_node(_Link_type __z)
        -: 2413:    -> iterator
        -: 2414:    {
        -: 2415:      _Link_type __x = _M_begin();
        -: 2416:      _Base_ptr __y = _M_end();
        -: 2417:      while (__x != 0)
        -: 2418:	{
        -: 2419:	  __y = __x;
        -: 2420:	  __x = !_M_impl._M_key_compare(_S_key(__x), _S_key(__z)) ?
        -: 2421:		_S_left(__x) : _S_right(__x);
        -: 2422:	}
        -: 2423:      return _M_insert_lower_node(__y, __z);
        -: 2424:    }
        -: 2425:
        -: 2426:  template<typename _Key, typename _Val, typename _KeyOfValue,
        -: 2427:	   typename _Compare, typename _Alloc>
        -: 2428:    template<typename... _Args>
        -: 2429:      auto
        -: 2430:      _Rb_tree<_Key, _Val, _KeyOfValue, _Compare, _Alloc>::
        -: 2431:      _M_emplace_unique(_Args&&... __args)
        -: 2432:      -> pair<iterator, bool>
        -: 2433:      {
        -: 2434:	_Auto_node __z(*this, std::forward<_Args>(__args)...);
        -: 2435:	auto __res = _M_get_insert_unique_pos(__z._M_key());
        -: 2436:	if (__res.second)
        -: 2437:	  return {__z._M_insert(__res), true};
        -: 2438:	return {iterator(__res.first), false};
        -: 2439:      }
        -: 2440:
        -: 2441:  template<typename _Key, typename _Val, typename _KeyOfValue,
        -: 2442:	   typename _Compare, typename _Alloc>
        -: 2443:    template<typename... _Args>
        -: 2444:      auto
        -: 2445:      _Rb_tree<_Key, _Val, _KeyOfValue, _Compare, _Alloc>::
        -: 2446:      _M_emplace_equal(_Args&&... __args)
        -: 2447:      -> iterator
        -: 2448:      {
        -: 2449:	_Auto_node __z(*this, std::forward<_Args>(__args)...);
        -: 2450:	auto __res = _M_get_insert_equal_pos(__z._M_key());
        -: 2451:	return __z._M_insert(__res);
        -: 2452:      }
        -: 2453:
        -: 2454:  template<typename _Key, typename _Val, typename _KeyOfValue,
        -: 2455:	   typename _Compare, typename _Alloc>
        -: 2456:    template<typename... _Args>
        -: 2457:      auto
     448*: 2458:      _Rb_tree<_Key, _Val, _KeyOfValue, _Compare, _Alloc>::
        -: 2459:      _M_emplace_hint_unique(const_iterator __pos, _Args&&... __args)
        -: 2460:      -> iterator
        -: 2461:      {
     448*: 2462:	_Auto_node __z(*this, std::forward<_Args>(__args)...);
     448*: 2463:	auto __res = _M_get_insert_hint_unique_pos(__pos, __z._M_key());
     448*: 2464:	if (__res.second)
     448*: 2465:	  return __z._M_insert(__res);
    #####: 2466:	return iterator(__res.first);
     448*: 2467:      }
------------------
_ZNSt8_Rb_treeIcSt4pairIKcbESt10_Select1stIS2_ESt4lessIcESaIS2_EE22_M_emplace_hint_uniqueIJRKSt21piecewise_construct_tSt5tupleIJRS1_EESD_IJEEEEESt17_Rb_tree_iteratorIS2_ESt23_Rb_tree_const_iteratorIS2_EDpOT_:
      448: 2458:      _Rb_tree<_Key, _Val, _KeyOfValue, _Compare, _Alloc>::
        -: 2459:      _M_emplace_hint_unique(const_iterator __pos, _Args&&... __args)
        -: 2460:      -> iterator
        -: 2461:      {
      448: 2462:	_Auto_node __z(*this, std::forward<_Args>(__args)...);
      448: 2463:	auto __res = _M_get_insert_hint_unique_pos(__pos, __z._M_key());
      448: 2464:	if (__res.second)
      448: 2465:	  return __z._M_insert(__res);
    #####: 2466:	return iterator(__res.first);
      448: 2467:      }
------------------
_ZNSt8_Rb_treeIcSt4pairIKcbESt10_Select1stIS2_ESt4lessIcESaIS2_EE22_M_emplace_hint_uniqueIJRKSt21piecewise_construct_tSt5tupleIJRS1_EESD_IJEEEEESt17_Rb_tree_iteratorIS2_ESt23_Rb_tree_const_iteratorIS2_EDpOT_:
    #####: 2458:      _Rb_tree<_Key, _Val, _KeyOfValue, _Compare, _Alloc>::
        -: 2459:      _M_emplace_hint_unique(const_iterator __pos, _Args&&... __args)
        -: 2460:      -> iterator
        -: 2461:      {
    #####: 2462:	_Auto_node __z(*this, std::forward<_Args>(__args)...);
    #####: 2463:	auto __res = _M_get_insert_hint_unique_pos(__pos, __z._M_key());
    #####: 2464:	if (__res.second)
    #####: 2465:	  return __z._M_insert(__res);
    #####: 2466:	return iterator(__res.first);
    #####: 2467:      }
------------------
        -: 2468:
        -: 2469:  template<typename _Key, typename _Val, typename _KeyOfValue,
        -: 2470:	   typename _Compare, typename _Alloc>
        -: 2471:    template<typename... _Args>
        -: 2472:      auto
        -: 2473:      _Rb_tree<_Key, _Val, _KeyOfValue, _Compare, _Alloc>::
        -: 2474:      _M_emplace_hint_equal(const_iterator __pos, _Args&&... __args)
        -: 2475:      -> iterator
        -: 2476:      {
        -: 2477:	_Auto_node __z(*this, std::forward<_Args>(__args)...);
        -: 2478:	auto __res = _M_get_insert_hint_equal_pos(__pos, __z._M_key());
        -: 2479:	if (__res.second)
        -: 2480:	  return __z._M_insert(__res);
        -: 2481:	return __z._M_insert_equal_lower();
        -: 2482:      }
        -: 2483:#endif
        -: 2484:
        -: 2485:
        -: 2486:  template<typename _Key, typename _Val, typename _KeyOfValue,
        -: 2487:	   typename _Compare, typename _Alloc>
        -: 2488:    void
        -: 2489:    _Rb_tree<_Key, _Val, _KeyOfValue, _Compare, _Alloc>::
        -: 2490:    _M_erase_aux(const_iterator __position)
        -: 2491:    {
        -: 2492:      _Link_type __y =
        -: 2493:	static_cast<_Link_type>(_Rb_tree_rebalance_for_erase
        -: 2494:				(const_cast<_Base_ptr>(__position._M_node),
        -: 2495:				 this->_M_impl._M_header));
        -: 2496:      _M_drop_node(__y);
        -: 2497:      --_M_impl._M_node_count;
        -: 2498:    }
        -: 2499:
        -: 2500:  template<typename _Key, typename _Val, typename _KeyOfValue,
        -: 2501:	   typename _Compare, typename _Alloc>
        -: 2502:    void
        -: 2503:    _Rb_tree<_Key, _Val, _KeyOfValue, _Compare, _Alloc>::
        -: 2504:    _M_erase_aux(const_iterator __first, const_iterator __last)
        -: 2505:    {
        -: 2506:      if (__first == begin() && __last == end())
        -: 2507:	clear();
        -: 2508:      else
        -: 2509:	while (__first != __last)
        -: 2510:	  _M_erase_aux(__first++);
        -: 2511:    }
        -: 2512:
        -: 2513:  template<typename _Key, typename _Val, typename _KeyOfValue,
        -: 2514:	   typename _Compare, typename _Alloc>
        -: 2515:    typename _Rb_tree<_Key, _Val, _KeyOfValue, _Compare, _Alloc>::size_type
        -: 2516:    _Rb_tree<_Key, _Val, _KeyOfValue, _Compare, _Alloc>::
        -: 2517:    erase(const _Key& __x)
        -: 2518:    {
        -: 2519:      pair<iterator, iterator> __p = equal_range(__x);
        -: 2520:      const size_type __old_size = size();
        -: 2521:      _M_erase_aux(__p.first, __p.second);
        -: 2522:      return __old_size - size();
        -: 2523:    }
        -: 2524:
        -: 2525:  template<typename _Key, typename _Val, typename _KeyOfValue,
        -: 2526:	   typename _Compare, typename _Alloc>
        -: 2527:    typename _Rb_tree<_Key, _Val, _KeyOfValue,
        -: 2528:		      _Compare, _Alloc>::iterator
        -: 2529:    _Rb_tree<_Key, _Val, _KeyOfValue, _Compare, _Alloc>::
        -: 2530:    find(const _Key& __k)
        -: 2531:    {
        -: 2532:      iterator __j = _M_lower_bound(_M_begin(), _M_end(), __k);
        -: 2533:      return (__j == end()
        -: 2534:	      || _M_impl._M_key_compare(__k,
        -: 2535:					_S_key(__j._M_node))) ? end() : __j;
        -: 2536:    }
        -: 2537:
        -: 2538:  template<typename _Key, typename _Val, typename _KeyOfValue,
        -: 2539:	   typename _Compare, typename _Alloc>
        -: 2540:    typename _Rb_tree<_Key, _Val, _KeyOfValue,
        -: 2541:		      _Compare, _Alloc>::const_iterator
        -: 2542:    _Rb_tree<_Key, _Val, _KeyOfValue, _Compare, _Alloc>::
        -: 2543:    find(const _Key& __k) const
        -: 2544:    {
        -: 2545:      const_iterator __j = _M_lower_bound(_M_begin(), _M_end(), __k);
        -: 2546:      return (__j == end()
        -: 2547:	      || _M_impl._M_key_compare(__k,
        -: 2548:					_S_key(__j._M_node))) ? end() : __j;
        -: 2549:    }
        -: 2550:
        -: 2551:  template<typename _Key, typename _Val, typename _KeyOfValue,
        -: 2552:	   typename _Compare, typename _Alloc>
        -: 2553:    typename _Rb_tree<_Key, _Val, _KeyOfValue, _Compare, _Alloc>::size_type
        -: 2554:    _Rb_tree<_Key, _Val, _KeyOfValue, _Compare, _Alloc>::
        -: 2555:    count(const _Key& __k) const
        -: 2556:    {
        -: 2557:      pair<const_iterator, const_iterator> __p = equal_range(__k);
        -: 2558:      const size_type __n = std::distance(__p.first, __p.second);
        -: 2559:      return __n;
        -: 2560:    }
        -: 2561:
        -: 2562:  _GLIBCXX_PURE unsigned int
        -: 2563:  _Rb_tree_black_count(const _Rb_tree_node_base* __node,
        -: 2564:		       const _Rb_tree_node_base* __root) throw ();
        -: 2565:
        -: 2566:  template<typename _Key, typename _Val, typename _KeyOfValue,
        -: 2567:	   typename _Compare, typename _Alloc>
        -: 2568:    bool
        -: 2569:    _Rb_tree<_Key,_Val,_KeyOfValue,_Compare,_Alloc>::__rb_verify() const
        -: 2570:    {
        -: 2571:      if (_M_impl._M_node_count == 0 || begin() == end())
        -: 2572:	return _M_impl._M_node_count == 0 && begin() == end()
        -: 2573:	       && this->_M_impl._M_header._M_left == _M_end()
        -: 2574:	       && this->_M_impl._M_header._M_right == _M_end();
        -: 2575:
        -: 2576:      unsigned int __len = _Rb_tree_black_count(_M_leftmost(), _M_root());
        -: 2577:      for (const_iterator __it = begin(); __it != end(); ++__it)
        -: 2578:	{
        -: 2579:	  _Const_Link_type __x = static_cast<_Const_Link_type>(__it._M_node);
        -: 2580:	  _Const_Link_type __L = _S_left(__x);
        -: 2581:	  _Const_Link_type __R = _S_right(__x);
        -: 2582:
        -: 2583:	  if (__x->_M_color == _S_red)
        -: 2584:	    if ((__L && __L->_M_color == _S_red)
        -: 2585:		|| (__R && __R->_M_color == _S_red))
        -: 2586:	      return false;
        -: 2587:
        -: 2588:	  if (__L && _M_impl._M_key_compare(_S_key(__x), _S_key(__L)))
        -: 2589:	    return false;
        -: 2590:	  if (__R && _M_impl._M_key_compare(_S_key(__R), _S_key(__x)))
        -: 2591:	    return false;
        -: 2592:
        -: 2593:	  if (!__L && !__R && _Rb_tree_black_count(__x, _M_root()) != __len)
        -: 2594:	    return false;
        -: 2595:	}
        -: 2596:
        -: 2597:      if (_M_leftmost() != _Rb_tree_node_base::_S_minimum(_M_root()))
        -: 2598:	return false;
        -: 2599:      if (_M_rightmost() != _Rb_tree_node_base::_S_maximum(_M_root()))
        -: 2600:	return false;
        -: 2601:      return true;
        -: 2602:    }
        -: 2603:
        -: 2604:#if __cplusplus > 201402L
        -: 2605:  // Allow access to internals of compatible _Rb_tree specializations.
        -: 2606:  template<typename _Key, typename _Val, typename _Sel, typename _Cmp1,
        -: 2607:	   typename _Alloc, typename _Cmp2>
        -: 2608:    struct _Rb_tree_merge_helper<_Rb_tree<_Key, _Val, _Sel, _Cmp1, _Alloc>,
        -: 2609:				 _Cmp2>
        -: 2610:    {
        -: 2611:    private:
        -: 2612:      friend class _Rb_tree<_Key, _Val, _Sel, _Cmp1, _Alloc>;
        -: 2613:
        -: 2614:      static auto&
        -: 2615:      _S_get_impl(_Rb_tree<_Key, _Val, _Sel, _Cmp2, _Alloc>& __tree)
        -: 2616:      { return __tree._M_impl; }
        -: 2617:    };
        -: 2618:#endif // C++17
        -: 2619:
        -: 2620:_GLIBCXX_END_NAMESPACE_VERSION
        -: 2621:} // namespace
        -: 2622:
        -: 2623:#endif
